[2016-05-23 14:56:25] request.ERROR: Uncaught PHP Exception Symfony\Component\HttpKernel\Exception\NotFoundHttpException: "No route found for "GET /central/"" at C:\wamp\www\ref\var\cache\prod\classes.php line 2385 {"exception":"[object] (Symfony\\Component\\HttpKernel\\Exception\\NotFoundHttpException(code: 0): No route found for \"GET /central/\" at C:\\wamp\\www\\ref\\var\\cache\\prod\\classes.php:2385, Symfony\\Component\\Routing\\Exception\\ResourceNotFoundException(code: 0):  at C:\\wamp\\www\\ref\\var\\cache\\prod\\appProdUrlMatcher.php:39)"} []
[2016-05-23 14:56:36] request.ERROR: Uncaught PHP Exception Symfony\Component\HttpKernel\Exception\NotFoundHttpException: "No route found for "GET /core"" at C:\wamp\www\ref\var\cache\prod\classes.php line 2385 {"exception":"[object] (Symfony\\Component\\HttpKernel\\Exception\\NotFoundHttpException(code: 0): No route found for \"GET /core\" at C:\\wamp\\www\\ref\\var\\cache\\prod\\classes.php:2385, Symfony\\Component\\Routing\\Exception\\ResourceNotFoundException(code: 0):  at C:\\wamp\\www\\ref\\var\\cache\\prod\\appProdUrlMatcher.php:39)"} []
[2016-05-23 14:56:47] request.ERROR: Uncaught PHP Exception Symfony\Component\HttpKernel\Exception\NotFoundHttpException: "No route found for "GET /core/"" at C:\wamp\www\ref\var\cache\prod\classes.php line 2385 {"exception":"[object] (Symfony\\Component\\HttpKernel\\Exception\\NotFoundHttpException(code: 0): No route found for \"GET /core/\" at C:\\wamp\\www\\ref\\var\\cache\\prod\\classes.php:2385, Symfony\\Component\\Routing\\Exception\\ResourceNotFoundException(code: 0):  at C:\\wamp\\www\\ref\\var\\cache\\prod\\appProdUrlMatcher.php:39)"} []
[2016-08-03 01:20:43] request.ERROR: Uncaught PHP Exception Symfony\Component\HttpKernel\Exception\NotFoundHttpException: "No route found for "GET /css/images/ui-bg_flat_75_ffffff_40x100.png" (from "http://127.0.0.1/ref/web/app.php/css/2db1e5c_jquery-ui_1.css")" at /var/www/html/ref/var/cache/prod/classes.php line 5331 {"exception":"[object] (Symfony\\Component\\HttpKernel\\Exception\\NotFoundHttpException(code: 0): No route found for \"GET /css/images/ui-bg_flat_75_ffffff_40x100.png\" (from \"http://127.0.0.1/ref/web/app.php/css/2db1e5c_jquery-ui_1.css\") at /var/www/html/ref/var/cache/prod/classes.php:5331, Symfony\\Component\\Routing\\Exception\\ResourceNotFoundException(code: 0):  at /var/www/html/ref/var/cache/prod/appProdUrlMatcher.php:739)"} []
[2016-08-03 01:20:43] event.DEBUG: Notified event "kernel.request" to listener "Symfony\Component\EventDispatcher\Debug\WrappedListener::__invoke". [] []
[2016-08-03 01:20:43] event.DEBUG: Notified event "kernel.request" to listener "Symfony\Component\EventDispatcher\Debug\WrappedListener::__invoke". [] []
[2016-08-03 01:20:43] event.DEBUG: Notified event "kernel.request" to listener "Symfony\Component\EventDispatcher\Debug\WrappedListener::__invoke". [] []
[2016-08-03 01:20:43] event.DEBUG: Notified event "kernel.request" to listener "Symfony\Component\EventDispatcher\Debug\WrappedListener::__invoke". [] []
[2016-08-03 01:20:43] event.DEBUG: Notified event "kernel.request" to listener "Symfony\Component\EventDispatcher\Debug\WrappedListener::__invoke". [] []
[2016-08-03 01:20:43] event.DEBUG: Notified event "kernel.request" to listener "Symfony\Component\EventDispatcher\Debug\WrappedListener::__invoke". [] []
[2016-08-03 01:20:43] event.DEBUG: Notified event "kernel.request" to listener "Symfony\Component\EventDispatcher\Debug\WrappedListener::__invoke". [] []
[2016-08-03 01:20:43] event.DEBUG: Notified event "kernel.request" to listener "Symfony\Component\EventDispatcher\Debug\WrappedListener::__invoke". [] []
[2016-08-03 01:20:43] event.DEBUG: Notified event "kernel.request" to listener "Symfony\Component\EventDispatcher\Debug\WrappedListener::__invoke". [] []
[2016-08-03 01:20:43] event.DEBUG: Notified event "kernel.request" to listener "Symfony\Component\EventDispatcher\Debug\WrappedListener::__invoke". [] []
[2016-08-03 01:20:44] event.DEBUG: Notified event "kernel.controller" to listener "FOS\RestBundle\EventListener\ParamFetcherListener::onKernelController". [] []
[2016-08-03 01:20:44] event.DEBUG: Notified event "kernel.controller" to listener "Sensio\Bundle\FrameworkExtraBundle\EventListener\ControllerListener::onKernelController". [] []
[2016-08-03 01:20:44] event.DEBUG: Notified event "kernel.controller" to listener "Sensio\Bundle\FrameworkExtraBundle\EventListener\ParamConverterListener::onKernelController". [] []
[2016-08-03 01:20:44] event.DEBUG: Notified event "kernel.controller" to listener "Sensio\Bundle\FrameworkExtraBundle\EventListener\HttpCacheListener::onKernelController". [] []
[2016-08-03 01:20:44] event.DEBUG: Notified event "kernel.controller" to listener "Sensio\Bundle\FrameworkExtraBundle\EventListener\SecurityListener::onKernelController". [] []
[2016-08-03 01:20:44] event.DEBUG: Notified event "kernel.controller" to listener "Sensio\Bundle\FrameworkExtraBundle\EventListener\TemplateListener::onKernelController". [] []
[2016-08-03 01:20:46] event.DEBUG: Notified event "kernel.response" to listener "Symfony\Component\HttpKernel\EventListener\ResponseListener::onKernelResponse". [] []
[2016-08-03 01:20:46] event.DEBUG: Notified event "kernel.response" to listener "Symfony\Component\Security\Http\RememberMe\ResponseListener::onKernelResponse". [] []
[2016-08-03 01:20:46] event.DEBUG: Notified event "kernel.response" to listener "Sensio\Bundle\FrameworkExtraBundle\EventListener\HttpCacheListener::onKernelResponse". [] []
[2016-08-03 01:20:46] event.DEBUG: Notified event "kernel.response" to listener "Symfony\Component\HttpKernel\EventListener\SaveSessionListener::onKernelResponse". [] []
[2016-08-03 01:20:46] event.DEBUG: Notified event "kernel.response" to listener "Symfony\Component\HttpKernel\EventListener\StreamedResponseListener::onKernelResponse". [] []
[2016-08-03 01:20:46] event.DEBUG: Notified event "kernel.finish_request" to listener "Symfony\Component\HttpKernel\EventListener\LocaleListener::onKernelFinishRequest". [] []
[2016-08-03 01:20:46] event.DEBUG: Notified event "kernel.finish_request" to listener "Symfony\Component\HttpKernel\EventListener\TranslatorListener::onKernelFinishRequest". [] []
[2016-08-03 01:20:46] event.DEBUG: Notified event "kernel.finish_request" to listener "Symfony\Component\HttpKernel\EventListener\RouterListener::onKernelFinishRequest". [] []
[2016-08-03 01:20:46] event.DEBUG: Notified event "kernel.finish_request" to listener "Symfony\Component\Security\Http\Firewall::onKernelFinishRequest". [] []
[2016-08-03 01:20:46] event.DEBUG: Notified event "kernel.exception" to listener "Symfony\Component\HttpKernel\EventListener\ExceptionListener::onKernelException". [] []
[2016-08-03 01:20:46] event.DEBUG: Listener "Symfony\Component\HttpKernel\EventListener\ExceptionListener::onKernelException" stopped propagation of the event "kernel.exception". [] []
[2016-08-03 01:20:46] event.DEBUG: Notified event "kernel.response" to listener "Symfony\Component\HttpKernel\EventListener\ResponseListener::onKernelResponse". [] []
[2016-08-03 01:20:46] event.DEBUG: Notified event "kernel.response" to listener "Symfony\Component\Security\Http\RememberMe\ResponseListener::onKernelResponse". [] []
[2016-08-03 01:20:46] event.DEBUG: Notified event "kernel.response" to listener "Sensio\Bundle\FrameworkExtraBundle\EventListener\HttpCacheListener::onKernelResponse". [] []
[2016-08-03 01:20:46] event.DEBUG: Notified event "kernel.response" to listener "Symfony\Component\HttpKernel\EventListener\SaveSessionListener::onKernelResponse". [] []
[2016-08-03 01:20:46] event.DEBUG: Notified event "kernel.response" to listener "Symfony\Component\HttpKernel\EventListener\StreamedResponseListener::onKernelResponse". [] []
[2016-08-03 01:20:46] event.DEBUG: Notified event "kernel.finish_request" to listener "Symfony\Component\HttpKernel\EventListener\LocaleListener::onKernelFinishRequest". [] []
[2016-08-03 01:20:46] event.DEBUG: Notified event "kernel.finish_request" to listener "Symfony\Component\HttpKernel\EventListener\TranslatorListener::onKernelFinishRequest". [] []
[2016-08-03 01:20:46] event.DEBUG: Notified event "kernel.finish_request" to listener "Symfony\Component\HttpKernel\EventListener\RouterListener::onKernelFinishRequest". [] []
[2016-08-03 01:20:46] event.DEBUG: Notified event "kernel.finish_request" to listener "Symfony\Component\Security\Http\Firewall::onKernelFinishRequest". [] []
[2016-08-03 01:20:46] event.DEBUG: Notified event "kernel.terminate" to listener "Symfony\Bundle\SwiftmailerBundle\EventListener\EmailSenderListener::onTerminate". [] []
[2016-08-03 01:20:54] request.ERROR: Uncaught PHP Exception Symfony\Component\HttpKernel\Exception\NotFoundHttpException: "No route found for "GET /css/images/ui-bg_glass_75_dadada_1x400.png" (from "http://127.0.0.1/ref/web/app.php/css/2db1e5c_jquery-ui_1.css")" at /var/www/html/ref/var/cache/prod/classes.php line 5331 {"exception":"[object] (Symfony\\Component\\HttpKernel\\Exception\\NotFoundHttpException(code: 0): No route found for \"GET /css/images/ui-bg_glass_75_dadada_1x400.png\" (from \"http://127.0.0.1/ref/web/app.php/css/2db1e5c_jquery-ui_1.css\") at /var/www/html/ref/var/cache/prod/classes.php:5331, Symfony\\Component\\Routing\\Exception\\ResourceNotFoundException(code: 0):  at /var/www/html/ref/var/cache/prod/appProdUrlMatcher.php:739)"} []
[2016-08-03 01:20:54] event.DEBUG: Notified event "kernel.request" to listener "Symfony\Component\EventDispatcher\Debug\WrappedListener::__invoke". [] []
[2016-08-03 01:20:54] event.DEBUG: Notified event "kernel.request" to listener "Symfony\Component\EventDispatcher\Debug\WrappedListener::__invoke". [] []
[2016-08-03 01:20:54] event.DEBUG: Notified event "kernel.request" to listener "Symfony\Component\EventDispatcher\Debug\WrappedListener::__invoke". [] []
[2016-08-03 01:20:54] event.DEBUG: Notified event "kernel.request" to listener "Symfony\Component\EventDispatcher\Debug\WrappedListener::__invoke". [] []
[2016-08-03 01:20:54] event.DEBUG: Notified event "kernel.request" to listener "Symfony\Component\EventDispatcher\Debug\WrappedListener::__invoke". [] []
[2016-08-03 01:20:54] event.DEBUG: Notified event "kernel.request" to listener "Symfony\Component\EventDispatcher\Debug\WrappedListener::__invoke". [] []
[2016-08-03 01:20:54] event.DEBUG: Notified event "kernel.request" to listener "Symfony\Component\EventDispatcher\Debug\WrappedListener::__invoke". [] []
[2016-08-03 01:20:54] event.DEBUG: Notified event "kernel.request" to listener "Symfony\Component\EventDispatcher\Debug\WrappedListener::__invoke". [] []
[2016-08-03 01:20:54] event.DEBUG: Notified event "kernel.request" to listener "Symfony\Component\EventDispatcher\Debug\WrappedListener::__invoke". [] []
[2016-08-03 01:20:54] event.DEBUG: Notified event "kernel.request" to listener "Symfony\Component\EventDispatcher\Debug\WrappedListener::__invoke". [] []
[2016-08-03 01:20:54] event.DEBUG: Notified event "kernel.controller" to listener "FOS\RestBundle\EventListener\ParamFetcherListener::onKernelController". [] []
[2016-08-03 01:20:54] event.DEBUG: Notified event "kernel.controller" to listener "Sensio\Bundle\FrameworkExtraBundle\EventListener\ControllerListener::onKernelController". [] []
[2016-08-03 01:20:54] event.DEBUG: Notified event "kernel.controller" to listener "Sensio\Bundle\FrameworkExtraBundle\EventListener\ParamConverterListener::onKernelController". [] []
[2016-08-03 01:20:54] event.DEBUG: Notified event "kernel.controller" to listener "Sensio\Bundle\FrameworkExtraBundle\EventListener\HttpCacheListener::onKernelController". [] []
[2016-08-03 01:20:54] event.DEBUG: Notified event "kernel.controller" to listener "Sensio\Bundle\FrameworkExtraBundle\EventListener\SecurityListener::onKernelController". [] []
[2016-08-03 01:20:54] event.DEBUG: Notified event "kernel.controller" to listener "Sensio\Bundle\FrameworkExtraBundle\EventListener\TemplateListener::onKernelController". [] []
[2016-08-03 01:20:55] event.DEBUG: Notified event "kernel.response" to listener "Symfony\Component\HttpKernel\EventListener\ResponseListener::onKernelResponse". [] []
[2016-08-03 01:20:55] event.DEBUG: Notified event "kernel.response" to listener "Symfony\Component\Security\Http\RememberMe\ResponseListener::onKernelResponse". [] []
[2016-08-03 01:20:55] event.DEBUG: Notified event "kernel.response" to listener "Sensio\Bundle\FrameworkExtraBundle\EventListener\HttpCacheListener::onKernelResponse". [] []
[2016-08-03 01:20:55] event.DEBUG: Notified event "kernel.response" to listener "Symfony\Component\HttpKernel\EventListener\SaveSessionListener::onKernelResponse". [] []
[2016-08-03 01:20:55] event.DEBUG: Notified event "kernel.response" to listener "Symfony\Component\HttpKernel\EventListener\StreamedResponseListener::onKernelResponse". [] []
[2016-08-03 01:20:55] event.DEBUG: Notified event "kernel.finish_request" to listener "Symfony\Component\HttpKernel\EventListener\LocaleListener::onKernelFinishRequest". [] []
[2016-08-03 01:20:55] event.DEBUG: Notified event "kernel.finish_request" to listener "Symfony\Component\HttpKernel\EventListener\TranslatorListener::onKernelFinishRequest". [] []
[2016-08-03 01:20:55] event.DEBUG: Notified event "kernel.finish_request" to listener "Symfony\Component\HttpKernel\EventListener\RouterListener::onKernelFinishRequest". [] []
[2016-08-03 01:20:55] event.DEBUG: Notified event "kernel.finish_request" to listener "Symfony\Component\Security\Http\Firewall::onKernelFinishRequest". [] []
[2016-08-03 01:20:55] event.DEBUG: Notified event "kernel.exception" to listener "Symfony\Component\HttpKernel\EventListener\ExceptionListener::onKernelException". [] []
[2016-08-03 01:20:55] event.DEBUG: Listener "Symfony\Component\HttpKernel\EventListener\ExceptionListener::onKernelException" stopped propagation of the event "kernel.exception". [] []
[2016-08-03 01:20:55] event.DEBUG: Notified event "kernel.response" to listener "Symfony\Component\HttpKernel\EventListener\ResponseListener::onKernelResponse". [] []
[2016-08-03 01:20:55] event.DEBUG: Notified event "kernel.response" to listener "Symfony\Component\Security\Http\RememberMe\ResponseListener::onKernelResponse". [] []
[2016-08-03 01:20:55] event.DEBUG: Notified event "kernel.response" to listener "Sensio\Bundle\FrameworkExtraBundle\EventListener\HttpCacheListener::onKernelResponse". [] []
[2016-08-03 01:20:55] event.DEBUG: Notified event "kernel.response" to listener "Symfony\Component\HttpKernel\EventListener\SaveSessionListener::onKernelResponse". [] []
[2016-08-03 01:20:55] event.DEBUG: Notified event "kernel.response" to listener "Symfony\Component\HttpKernel\EventListener\StreamedResponseListener::onKernelResponse". [] []
[2016-08-03 01:20:55] event.DEBUG: Notified event "kernel.finish_request" to listener "Symfony\Component\HttpKernel\EventListener\LocaleListener::onKernelFinishRequest". [] []
[2016-08-03 01:20:55] event.DEBUG: Notified event "kernel.finish_request" to listener "Symfony\Component\HttpKernel\EventListener\TranslatorListener::onKernelFinishRequest". [] []
[2016-08-03 01:20:55] event.DEBUG: Notified event "kernel.finish_request" to listener "Symfony\Component\HttpKernel\EventListener\RouterListener::onKernelFinishRequest". [] []
[2016-08-03 01:20:55] event.DEBUG: Notified event "kernel.finish_request" to listener "Symfony\Component\Security\Http\Firewall::onKernelFinishRequest". [] []
[2016-08-03 01:20:55] event.DEBUG: Notified event "kernel.terminate" to listener "Symfony\Bundle\SwiftmailerBundle\EventListener\EmailSenderListener::onTerminate". [] []
[2016-08-03 13:54:35] request.ERROR: Uncaught PHP Exception Symfony\Component\HttpKernel\Exception\NotFoundHttpException: "No route found for "GET /css/images/ui-bg_flat_75_ffffff_40x100.png" (from "http://127.0.0.1/ref/web/app.php/css/2db1e5c_jquery-ui_1.css")" at /var/www/html/ref/var/cache/prod/classes.php line 5331 {"exception":"[object] (Symfony\\Component\\HttpKernel\\Exception\\NotFoundHttpException(code: 0): No route found for \"GET /css/images/ui-bg_flat_75_ffffff_40x100.png\" (from \"http://127.0.0.1/ref/web/app.php/css/2db1e5c_jquery-ui_1.css\") at /var/www/html/ref/var/cache/prod/classes.php:5331, Symfony\\Component\\Routing\\Exception\\ResourceNotFoundException(code: 0):  at /var/www/html/ref/var/cache/prod/appProdUrlMatcher.php:739)"} []
[2016-08-03 13:54:35] event.DEBUG: Notified event "kernel.request" to listener "Symfony\Component\EventDispatcher\Debug\WrappedListener::__invoke". [] []
[2016-08-03 13:54:35] event.DEBUG: Notified event "kernel.request" to listener "Symfony\Component\EventDispatcher\Debug\WrappedListener::__invoke". [] []
[2016-08-03 13:54:35] event.DEBUG: Notified event "kernel.request" to listener "Symfony\Component\EventDispatcher\Debug\WrappedListener::__invoke". [] []
[2016-08-03 13:54:35] event.DEBUG: Notified event "kernel.request" to listener "Symfony\Component\EventDispatcher\Debug\WrappedListener::__invoke". [] []
[2016-08-03 13:54:35] event.DEBUG: Notified event "kernel.request" to listener "Symfony\Component\EventDispatcher\Debug\WrappedListener::__invoke". [] []
[2016-08-03 13:54:35] event.DEBUG: Notified event "kernel.request" to listener "Symfony\Component\EventDispatcher\Debug\WrappedListener::__invoke". [] []
[2016-08-03 13:54:35] event.DEBUG: Notified event "kernel.request" to listener "Symfony\Component\EventDispatcher\Debug\WrappedListener::__invoke". [] []
[2016-08-03 13:54:35] event.DEBUG: Notified event "kernel.request" to listener "Symfony\Component\EventDispatcher\Debug\WrappedListener::__invoke". [] []
[2016-08-03 13:54:35] event.DEBUG: Notified event "kernel.request" to listener "Symfony\Component\EventDispatcher\Debug\WrappedListener::__invoke". [] []
[2016-08-03 13:54:35] event.DEBUG: Notified event "kernel.request" to listener "Symfony\Component\EventDispatcher\Debug\WrappedListener::__invoke". [] []
[2016-08-03 13:54:35] event.DEBUG: Notified event "kernel.controller" to listener "FOS\RestBundle\EventListener\ParamFetcherListener::onKernelController". [] []
[2016-08-03 13:54:35] event.DEBUG: Notified event "kernel.controller" to listener "Sensio\Bundle\FrameworkExtraBundle\EventListener\ControllerListener::onKernelController". [] []
[2016-08-03 13:54:35] event.DEBUG: Notified event "kernel.controller" to listener "Sensio\Bundle\FrameworkExtraBundle\EventListener\ParamConverterListener::onKernelController". [] []
[2016-08-03 13:54:35] event.DEBUG: Notified event "kernel.controller" to listener "Sensio\Bundle\FrameworkExtraBundle\EventListener\HttpCacheListener::onKernelController". [] []
[2016-08-03 13:54:35] event.DEBUG: Notified event "kernel.controller" to listener "Sensio\Bundle\FrameworkExtraBundle\EventListener\SecurityListener::onKernelController". [] []
[2016-08-03 13:54:35] event.DEBUG: Notified event "kernel.controller" to listener "Sensio\Bundle\FrameworkExtraBundle\EventListener\TemplateListener::onKernelController". [] []
[2016-08-03 13:54:37] event.DEBUG: Notified event "kernel.response" to listener "Symfony\Component\HttpKernel\EventListener\ResponseListener::onKernelResponse". [] []
[2016-08-03 13:54:37] event.DEBUG: Notified event "kernel.response" to listener "Symfony\Component\Security\Http\RememberMe\ResponseListener::onKernelResponse". [] []
[2016-08-03 13:54:37] event.DEBUG: Notified event "kernel.response" to listener "Sensio\Bundle\FrameworkExtraBundle\EventListener\HttpCacheListener::onKernelResponse". [] []
[2016-08-03 13:54:37] event.DEBUG: Notified event "kernel.response" to listener "Symfony\Component\HttpKernel\EventListener\SaveSessionListener::onKernelResponse". [] []
[2016-08-03 13:54:37] event.DEBUG: Notified event "kernel.response" to listener "Symfony\Component\HttpKernel\EventListener\StreamedResponseListener::onKernelResponse". [] []
[2016-08-03 13:54:37] event.DEBUG: Notified event "kernel.finish_request" to listener "Symfony\Component\HttpKernel\EventListener\LocaleListener::onKernelFinishRequest". [] []
[2016-08-03 13:54:37] event.DEBUG: Notified event "kernel.finish_request" to listener "Symfony\Component\HttpKernel\EventListener\TranslatorListener::onKernelFinishRequest". [] []
[2016-08-03 13:54:37] event.DEBUG: Notified event "kernel.finish_request" to listener "Symfony\Component\HttpKernel\EventListener\RouterListener::onKernelFinishRequest". [] []
[2016-08-03 13:54:37] event.DEBUG: Notified event "kernel.finish_request" to listener "Symfony\Component\Security\Http\Firewall::onKernelFinishRequest". [] []
[2016-08-03 13:54:37] event.DEBUG: Notified event "kernel.exception" to listener "Symfony\Component\HttpKernel\EventListener\ExceptionListener::onKernelException". [] []
[2016-08-03 13:54:37] event.DEBUG: Listener "Symfony\Component\HttpKernel\EventListener\ExceptionListener::onKernelException" stopped propagation of the event "kernel.exception". [] []
[2016-08-03 13:54:37] event.DEBUG: Notified event "kernel.response" to listener "Symfony\Component\HttpKernel\EventListener\ResponseListener::onKernelResponse". [] []
[2016-08-03 13:54:37] event.DEBUG: Notified event "kernel.response" to listener "Symfony\Component\Security\Http\RememberMe\ResponseListener::onKernelResponse". [] []
[2016-08-03 13:54:37] event.DEBUG: Notified event "kernel.response" to listener "Sensio\Bundle\FrameworkExtraBundle\EventListener\HttpCacheListener::onKernelResponse". [] []
[2016-08-03 13:54:37] event.DEBUG: Notified event "kernel.response" to listener "Symfony\Component\HttpKernel\EventListener\SaveSessionListener::onKernelResponse". [] []
[2016-08-03 13:54:37] event.DEBUG: Notified event "kernel.response" to listener "Symfony\Component\HttpKernel\EventListener\StreamedResponseListener::onKernelResponse". [] []
[2016-08-03 13:54:37] event.DEBUG: Notified event "kernel.finish_request" to listener "Symfony\Component\HttpKernel\EventListener\LocaleListener::onKernelFinishRequest". [] []
[2016-08-03 13:54:37] event.DEBUG: Notified event "kernel.finish_request" to listener "Symfony\Component\HttpKernel\EventListener\TranslatorListener::onKernelFinishRequest". [] []
[2016-08-03 13:54:37] event.DEBUG: Notified event "kernel.finish_request" to listener "Symfony\Component\HttpKernel\EventListener\RouterListener::onKernelFinishRequest". [] []
[2016-08-03 13:54:37] event.DEBUG: Notified event "kernel.finish_request" to listener "Symfony\Component\Security\Http\Firewall::onKernelFinishRequest". [] []
[2016-08-03 13:54:37] event.DEBUG: Notified event "kernel.terminate" to listener "Symfony\Bundle\SwiftmailerBundle\EventListener\EmailSenderListener::onTerminate". [] []
[2016-08-03 13:54:41] request.ERROR: Uncaught PHP Exception Symfony\Component\HttpKernel\Exception\NotFoundHttpException: "No route found for "GET /css/images/ui-bg_glass_75_dadada_1x400.png" (from "http://127.0.0.1/ref/web/app.php/css/2db1e5c_jquery-ui_1.css")" at /var/www/html/ref/var/cache/prod/classes.php line 5331 {"exception":"[object] (Symfony\\Component\\HttpKernel\\Exception\\NotFoundHttpException(code: 0): No route found for \"GET /css/images/ui-bg_glass_75_dadada_1x400.png\" (from \"http://127.0.0.1/ref/web/app.php/css/2db1e5c_jquery-ui_1.css\") at /var/www/html/ref/var/cache/prod/classes.php:5331, Symfony\\Component\\Routing\\Exception\\ResourceNotFoundException(code: 0):  at /var/www/html/ref/var/cache/prod/appProdUrlMatcher.php:739)"} []
[2016-08-03 13:54:41] event.DEBUG: Notified event "kernel.request" to listener "Symfony\Component\EventDispatcher\Debug\WrappedListener::__invoke". [] []
[2016-08-03 13:54:41] event.DEBUG: Notified event "kernel.request" to listener "Symfony\Component\EventDispatcher\Debug\WrappedListener::__invoke". [] []
[2016-08-03 13:54:41] event.DEBUG: Notified event "kernel.request" to listener "Symfony\Component\EventDispatcher\Debug\WrappedListener::__invoke". [] []
[2016-08-03 13:54:41] event.DEBUG: Notified event "kernel.request" to listener "Symfony\Component\EventDispatcher\Debug\WrappedListener::__invoke". [] []
[2016-08-03 13:54:41] event.DEBUG: Notified event "kernel.request" to listener "Symfony\Component\EventDispatcher\Debug\WrappedListener::__invoke". [] []
[2016-08-03 13:54:41] event.DEBUG: Notified event "kernel.request" to listener "Symfony\Component\EventDispatcher\Debug\WrappedListener::__invoke". [] []
[2016-08-03 13:54:41] event.DEBUG: Notified event "kernel.request" to listener "Symfony\Component\EventDispatcher\Debug\WrappedListener::__invoke". [] []
[2016-08-03 13:54:41] event.DEBUG: Notified event "kernel.request" to listener "Symfony\Component\EventDispatcher\Debug\WrappedListener::__invoke". [] []
[2016-08-03 13:54:41] event.DEBUG: Notified event "kernel.request" to listener "Symfony\Component\EventDispatcher\Debug\WrappedListener::__invoke". [] []
[2016-08-03 13:54:41] event.DEBUG: Notified event "kernel.request" to listener "Symfony\Component\EventDispatcher\Debug\WrappedListener::__invoke". [] []
[2016-08-03 13:54:41] event.DEBUG: Notified event "kernel.controller" to listener "FOS\RestBundle\EventListener\ParamFetcherListener::onKernelController". [] []
[2016-08-03 13:54:41] event.DEBUG: Notified event "kernel.controller" to listener "Sensio\Bundle\FrameworkExtraBundle\EventListener\ControllerListener::onKernelController". [] []
[2016-08-03 13:54:41] event.DEBUG: Notified event "kernel.controller" to listener "Sensio\Bundle\FrameworkExtraBundle\EventListener\ParamConverterListener::onKernelController". [] []
[2016-08-03 13:54:41] event.DEBUG: Notified event "kernel.controller" to listener "Sensio\Bundle\FrameworkExtraBundle\EventListener\HttpCacheListener::onKernelController". [] []
[2016-08-03 13:54:41] event.DEBUG: Notified event "kernel.controller" to listener "Sensio\Bundle\FrameworkExtraBundle\EventListener\SecurityListener::onKernelController". [] []
[2016-08-03 13:54:41] event.DEBUG: Notified event "kernel.controller" to listener "Sensio\Bundle\FrameworkExtraBundle\EventListener\TemplateListener::onKernelController". [] []
[2016-08-03 13:54:43] event.DEBUG: Notified event "kernel.response" to listener "Symfony\Component\HttpKernel\EventListener\ResponseListener::onKernelResponse". [] []
[2016-08-03 13:54:43] event.DEBUG: Notified event "kernel.response" to listener "Symfony\Component\Security\Http\RememberMe\ResponseListener::onKernelResponse". [] []
[2016-08-03 13:54:43] event.DEBUG: Notified event "kernel.response" to listener "Sensio\Bundle\FrameworkExtraBundle\EventListener\HttpCacheListener::onKernelResponse". [] []
[2016-08-03 13:54:43] event.DEBUG: Notified event "kernel.response" to listener "Symfony\Component\HttpKernel\EventListener\SaveSessionListener::onKernelResponse". [] []
[2016-08-03 13:54:43] event.DEBUG: Notified event "kernel.response" to listener "Symfony\Component\HttpKernel\EventListener\StreamedResponseListener::onKernelResponse". [] []
[2016-08-03 13:54:43] event.DEBUG: Notified event "kernel.finish_request" to listener "Symfony\Component\HttpKernel\EventListener\LocaleListener::onKernelFinishRequest". [] []
[2016-08-03 13:54:43] event.DEBUG: Notified event "kernel.finish_request" to listener "Symfony\Component\HttpKernel\EventListener\TranslatorListener::onKernelFinishRequest". [] []
[2016-08-03 13:54:43] event.DEBUG: Notified event "kernel.finish_request" to listener "Symfony\Component\HttpKernel\EventListener\RouterListener::onKernelFinishRequest". [] []
[2016-08-03 13:54:43] event.DEBUG: Notified event "kernel.finish_request" to listener "Symfony\Component\Security\Http\Firewall::onKernelFinishRequest". [] []
[2016-08-03 13:54:43] event.DEBUG: Notified event "kernel.exception" to listener "Symfony\Component\HttpKernel\EventListener\ExceptionListener::onKernelException". [] []
[2016-08-03 13:54:43] event.DEBUG: Listener "Symfony\Component\HttpKernel\EventListener\ExceptionListener::onKernelException" stopped propagation of the event "kernel.exception". [] []
[2016-08-03 13:54:43] event.DEBUG: Notified event "kernel.response" to listener "Symfony\Component\HttpKernel\EventListener\ResponseListener::onKernelResponse". [] []
[2016-08-03 13:54:43] event.DEBUG: Notified event "kernel.response" to listener "Symfony\Component\Security\Http\RememberMe\ResponseListener::onKernelResponse". [] []
[2016-08-03 13:54:43] event.DEBUG: Notified event "kernel.response" to listener "Sensio\Bundle\FrameworkExtraBundle\EventListener\HttpCacheListener::onKernelResponse". [] []
[2016-08-03 13:54:43] event.DEBUG: Notified event "kernel.response" to listener "Symfony\Component\HttpKernel\EventListener\SaveSessionListener::onKernelResponse". [] []
[2016-08-03 13:54:43] event.DEBUG: Notified event "kernel.response" to listener "Symfony\Component\HttpKernel\EventListener\StreamedResponseListener::onKernelResponse". [] []
[2016-08-03 13:54:43] event.DEBUG: Notified event "kernel.finish_request" to listener "Symfony\Component\HttpKernel\EventListener\LocaleListener::onKernelFinishRequest". [] []
[2016-08-03 13:54:43] event.DEBUG: Notified event "kernel.finish_request" to listener "Symfony\Component\HttpKernel\EventListener\TranslatorListener::onKernelFinishRequest". [] []
[2016-08-03 13:54:43] event.DEBUG: Notified event "kernel.finish_request" to listener "Symfony\Component\HttpKernel\EventListener\RouterListener::onKernelFinishRequest". [] []
[2016-08-03 13:54:43] event.DEBUG: Notified event "kernel.finish_request" to listener "Symfony\Component\Security\Http\Firewall::onKernelFinishRequest". [] []
[2016-08-03 13:54:43] event.DEBUG: Notified event "kernel.terminate" to listener "Symfony\Bundle\SwiftmailerBundle\EventListener\EmailSenderListener::onTerminate". [] []
[2016-08-03 13:56:22] request.ERROR: Uncaught PHP Exception Symfony\Component\HttpKernel\Exception\NotFoundHttpException: "No route found for "GET /css/images/ui-bg_flat_75_ffffff_40x100.png" (from "http://127.0.0.1/ref/web/app.php/css/2db1e5c_jquery-ui_1.css")" at /var/www/html/ref/var/cache/prod/classes.php line 5331 {"exception":"[object] (Symfony\\Component\\HttpKernel\\Exception\\NotFoundHttpException(code: 0): No route found for \"GET /css/images/ui-bg_flat_75_ffffff_40x100.png\" (from \"http://127.0.0.1/ref/web/app.php/css/2db1e5c_jquery-ui_1.css\") at /var/www/html/ref/var/cache/prod/classes.php:5331, Symfony\\Component\\Routing\\Exception\\ResourceNotFoundException(code: 0):  at /var/www/html/ref/var/cache/prod/appProdUrlMatcher.php:739)"} []
[2016-08-03 13:56:22] event.DEBUG: Notified event "kernel.request" to listener "Symfony\Component\EventDispatcher\Debug\WrappedListener::__invoke". [] []
[2016-08-03 13:56:22] event.DEBUG: Notified event "kernel.request" to listener "Symfony\Component\EventDispatcher\Debug\WrappedListener::__invoke". [] []
[2016-08-03 13:56:22] event.DEBUG: Notified event "kernel.request" to listener "Symfony\Component\EventDispatcher\Debug\WrappedListener::__invoke". [] []
[2016-08-03 13:56:22] event.DEBUG: Notified event "kernel.request" to listener "Symfony\Component\EventDispatcher\Debug\WrappedListener::__invoke". [] []
[2016-08-03 13:56:22] event.DEBUG: Notified event "kernel.request" to listener "Symfony\Component\EventDispatcher\Debug\WrappedListener::__invoke". [] []
[2016-08-03 13:56:22] event.DEBUG: Notified event "kernel.request" to listener "Symfony\Component\EventDispatcher\Debug\WrappedListener::__invoke". [] []
[2016-08-03 13:56:22] event.DEBUG: Notified event "kernel.request" to listener "Symfony\Component\EventDispatcher\Debug\WrappedListener::__invoke". [] []
[2016-08-03 13:56:22] event.DEBUG: Notified event "kernel.request" to listener "Symfony\Component\EventDispatcher\Debug\WrappedListener::__invoke". [] []
[2016-08-03 13:56:22] event.DEBUG: Notified event "kernel.request" to listener "Symfony\Component\EventDispatcher\Debug\WrappedListener::__invoke". [] []
[2016-08-03 13:56:22] event.DEBUG: Notified event "kernel.request" to listener "Symfony\Component\EventDispatcher\Debug\WrappedListener::__invoke". [] []
[2016-08-03 13:56:22] event.DEBUG: Notified event "kernel.controller" to listener "FOS\RestBundle\EventListener\ParamFetcherListener::onKernelController". [] []
[2016-08-03 13:56:22] event.DEBUG: Notified event "kernel.controller" to listener "Sensio\Bundle\FrameworkExtraBundle\EventListener\ControllerListener::onKernelController". [] []
[2016-08-03 13:56:22] event.DEBUG: Notified event "kernel.controller" to listener "Sensio\Bundle\FrameworkExtraBundle\EventListener\ParamConverterListener::onKernelController". [] []
[2016-08-03 13:56:22] event.DEBUG: Notified event "kernel.controller" to listener "Sensio\Bundle\FrameworkExtraBundle\EventListener\HttpCacheListener::onKernelController". [] []
[2016-08-03 13:56:22] event.DEBUG: Notified event "kernel.controller" to listener "Sensio\Bundle\FrameworkExtraBundle\EventListener\SecurityListener::onKernelController". [] []
[2016-08-03 13:56:22] event.DEBUG: Notified event "kernel.controller" to listener "Sensio\Bundle\FrameworkExtraBundle\EventListener\TemplateListener::onKernelController". [] []
[2016-08-03 13:56:24] event.DEBUG: Notified event "kernel.response" to listener "Symfony\Component\HttpKernel\EventListener\ResponseListener::onKernelResponse". [] []
[2016-08-03 13:56:24] event.DEBUG: Notified event "kernel.response" to listener "Symfony\Component\Security\Http\RememberMe\ResponseListener::onKernelResponse". [] []
[2016-08-03 13:56:24] event.DEBUG: Notified event "kernel.response" to listener "Sensio\Bundle\FrameworkExtraBundle\EventListener\HttpCacheListener::onKernelResponse". [] []
[2016-08-03 13:56:24] event.DEBUG: Notified event "kernel.response" to listener "Symfony\Component\HttpKernel\EventListener\SaveSessionListener::onKernelResponse". [] []
[2016-08-03 13:56:24] event.DEBUG: Notified event "kernel.response" to listener "Symfony\Component\HttpKernel\EventListener\StreamedResponseListener::onKernelResponse". [] []
[2016-08-03 13:56:24] event.DEBUG: Notified event "kernel.finish_request" to listener "Symfony\Component\HttpKernel\EventListener\LocaleListener::onKernelFinishRequest". [] []
[2016-08-03 13:56:24] event.DEBUG: Notified event "kernel.finish_request" to listener "Symfony\Component\HttpKernel\EventListener\TranslatorListener::onKernelFinishRequest". [] []
[2016-08-03 13:56:24] event.DEBUG: Notified event "kernel.finish_request" to listener "Symfony\Component\HttpKernel\EventListener\RouterListener::onKernelFinishRequest". [] []
[2016-08-03 13:56:24] event.DEBUG: Notified event "kernel.finish_request" to listener "Symfony\Component\Security\Http\Firewall::onKernelFinishRequest". [] []
[2016-08-03 13:56:24] event.DEBUG: Notified event "kernel.exception" to listener "Symfony\Component\HttpKernel\EventListener\ExceptionListener::onKernelException". [] []
[2016-08-03 13:56:24] event.DEBUG: Listener "Symfony\Component\HttpKernel\EventListener\ExceptionListener::onKernelException" stopped propagation of the event "kernel.exception". [] []
[2016-08-03 13:56:24] event.DEBUG: Notified event "kernel.response" to listener "Symfony\Component\HttpKernel\EventListener\ResponseListener::onKernelResponse". [] []
[2016-08-03 13:56:24] event.DEBUG: Notified event "kernel.response" to listener "Symfony\Component\Security\Http\RememberMe\ResponseListener::onKernelResponse". [] []
[2016-08-03 13:56:24] event.DEBUG: Notified event "kernel.response" to listener "Sensio\Bundle\FrameworkExtraBundle\EventListener\HttpCacheListener::onKernelResponse". [] []
[2016-08-03 13:56:24] event.DEBUG: Notified event "kernel.response" to listener "Symfony\Component\HttpKernel\EventListener\SaveSessionListener::onKernelResponse". [] []
[2016-08-03 13:56:24] event.DEBUG: Notified event "kernel.response" to listener "Symfony\Component\HttpKernel\EventListener\StreamedResponseListener::onKernelResponse". [] []
[2016-08-03 13:56:24] event.DEBUG: Notified event "kernel.finish_request" to listener "Symfony\Component\HttpKernel\EventListener\LocaleListener::onKernelFinishRequest". [] []
[2016-08-03 13:56:24] event.DEBUG: Notified event "kernel.finish_request" to listener "Symfony\Component\HttpKernel\EventListener\TranslatorListener::onKernelFinishRequest". [] []
[2016-08-03 13:56:24] event.DEBUG: Notified event "kernel.finish_request" to listener "Symfony\Component\HttpKernel\EventListener\RouterListener::onKernelFinishRequest". [] []
[2016-08-03 13:56:24] event.DEBUG: Notified event "kernel.finish_request" to listener "Symfony\Component\Security\Http\Firewall::onKernelFinishRequest". [] []
[2016-08-03 13:56:24] event.DEBUG: Notified event "kernel.terminate" to listener "Symfony\Bundle\SwiftmailerBundle\EventListener\EmailSenderListener::onTerminate". [] []
[2016-08-03 13:56:27] request.ERROR: Uncaught PHP Exception Symfony\Component\HttpKernel\Exception\NotFoundHttpException: "No route found for "GET /css/images/ui-bg_glass_75_dadada_1x400.png" (from "http://127.0.0.1/ref/web/app.php/css/2db1e5c_jquery-ui_1.css")" at /var/www/html/ref/var/cache/prod/classes.php line 5331 {"exception":"[object] (Symfony\\Component\\HttpKernel\\Exception\\NotFoundHttpException(code: 0): No route found for \"GET /css/images/ui-bg_glass_75_dadada_1x400.png\" (from \"http://127.0.0.1/ref/web/app.php/css/2db1e5c_jquery-ui_1.css\") at /var/www/html/ref/var/cache/prod/classes.php:5331, Symfony\\Component\\Routing\\Exception\\ResourceNotFoundException(code: 0):  at /var/www/html/ref/var/cache/prod/appProdUrlMatcher.php:739)"} []
[2016-08-03 13:56:27] event.DEBUG: Notified event "kernel.request" to listener "Symfony\Component\EventDispatcher\Debug\WrappedListener::__invoke". [] []
[2016-08-03 13:56:27] event.DEBUG: Notified event "kernel.request" to listener "Symfony\Component\EventDispatcher\Debug\WrappedListener::__invoke". [] []
[2016-08-03 13:56:27] event.DEBUG: Notified event "kernel.request" to listener "Symfony\Component\EventDispatcher\Debug\WrappedListener::__invoke". [] []
[2016-08-03 13:56:27] event.DEBUG: Notified event "kernel.request" to listener "Symfony\Component\EventDispatcher\Debug\WrappedListener::__invoke". [] []
[2016-08-03 13:56:27] event.DEBUG: Notified event "kernel.request" to listener "Symfony\Component\EventDispatcher\Debug\WrappedListener::__invoke". [] []
[2016-08-03 13:56:27] event.DEBUG: Notified event "kernel.request" to listener "Symfony\Component\EventDispatcher\Debug\WrappedListener::__invoke". [] []
[2016-08-03 13:56:27] event.DEBUG: Notified event "kernel.request" to listener "Symfony\Component\EventDispatcher\Debug\WrappedListener::__invoke". [] []
[2016-08-03 13:56:27] event.DEBUG: Notified event "kernel.request" to listener "Symfony\Component\EventDispatcher\Debug\WrappedListener::__invoke". [] []
[2016-08-03 13:56:27] event.DEBUG: Notified event "kernel.request" to listener "Symfony\Component\EventDispatcher\Debug\WrappedListener::__invoke". [] []
[2016-08-03 13:56:27] event.DEBUG: Notified event "kernel.request" to listener "Symfony\Component\EventDispatcher\Debug\WrappedListener::__invoke". [] []
[2016-08-03 13:56:27] event.DEBUG: Notified event "kernel.controller" to listener "FOS\RestBundle\EventListener\ParamFetcherListener::onKernelController". [] []
[2016-08-03 13:56:27] event.DEBUG: Notified event "kernel.controller" to listener "Sensio\Bundle\FrameworkExtraBundle\EventListener\ControllerListener::onKernelController". [] []
[2016-08-03 13:56:27] event.DEBUG: Notified event "kernel.controller" to listener "Sensio\Bundle\FrameworkExtraBundle\EventListener\ParamConverterListener::onKernelController". [] []
[2016-08-03 13:56:27] event.DEBUG: Notified event "kernel.controller" to listener "Sensio\Bundle\FrameworkExtraBundle\EventListener\HttpCacheListener::onKernelController". [] []
[2016-08-03 13:56:27] event.DEBUG: Notified event "kernel.controller" to listener "Sensio\Bundle\FrameworkExtraBundle\EventListener\SecurityListener::onKernelController". [] []
[2016-08-03 13:56:27] event.DEBUG: Notified event "kernel.controller" to listener "Sensio\Bundle\FrameworkExtraBundle\EventListener\TemplateListener::onKernelController". [] []
[2016-08-03 13:56:29] event.DEBUG: Notified event "kernel.response" to listener "Symfony\Component\HttpKernel\EventListener\ResponseListener::onKernelResponse". [] []
[2016-08-03 13:56:29] event.DEBUG: Notified event "kernel.response" to listener "Symfony\Component\Security\Http\RememberMe\ResponseListener::onKernelResponse". [] []
[2016-08-03 13:56:29] event.DEBUG: Notified event "kernel.response" to listener "Sensio\Bundle\FrameworkExtraBundle\EventListener\HttpCacheListener::onKernelResponse". [] []
[2016-08-03 13:56:29] event.DEBUG: Notified event "kernel.response" to listener "Symfony\Component\HttpKernel\EventListener\SaveSessionListener::onKernelResponse". [] []
[2016-08-03 13:56:29] event.DEBUG: Notified event "kernel.response" to listener "Symfony\Component\HttpKernel\EventListener\StreamedResponseListener::onKernelResponse". [] []
[2016-08-03 13:56:29] event.DEBUG: Notified event "kernel.finish_request" to listener "Symfony\Component\HttpKernel\EventListener\LocaleListener::onKernelFinishRequest". [] []
[2016-08-03 13:56:29] event.DEBUG: Notified event "kernel.finish_request" to listener "Symfony\Component\HttpKernel\EventListener\TranslatorListener::onKernelFinishRequest". [] []
[2016-08-03 13:56:29] event.DEBUG: Notified event "kernel.finish_request" to listener "Symfony\Component\HttpKernel\EventListener\RouterListener::onKernelFinishRequest". [] []
[2016-08-03 13:56:29] event.DEBUG: Notified event "kernel.finish_request" to listener "Symfony\Component\Security\Http\Firewall::onKernelFinishRequest". [] []
[2016-08-03 13:56:29] event.DEBUG: Notified event "kernel.exception" to listener "Symfony\Component\HttpKernel\EventListener\ExceptionListener::onKernelException". [] []
[2016-08-03 13:56:29] event.DEBUG: Listener "Symfony\Component\HttpKernel\EventListener\ExceptionListener::onKernelException" stopped propagation of the event "kernel.exception". [] []
[2016-08-03 13:56:29] event.DEBUG: Notified event "kernel.response" to listener "Symfony\Component\HttpKernel\EventListener\ResponseListener::onKernelResponse". [] []
[2016-08-03 13:56:29] event.DEBUG: Notified event "kernel.response" to listener "Symfony\Component\Security\Http\RememberMe\ResponseListener::onKernelResponse". [] []
[2016-08-03 13:56:29] event.DEBUG: Notified event "kernel.response" to listener "Sensio\Bundle\FrameworkExtraBundle\EventListener\HttpCacheListener::onKernelResponse". [] []
[2016-08-03 13:56:29] event.DEBUG: Notified event "kernel.response" to listener "Symfony\Component\HttpKernel\EventListener\SaveSessionListener::onKernelResponse". [] []
[2016-08-03 13:56:29] event.DEBUG: Notified event "kernel.response" to listener "Symfony\Component\HttpKernel\EventListener\StreamedResponseListener::onKernelResponse". [] []
[2016-08-03 13:56:29] event.DEBUG: Notified event "kernel.finish_request" to listener "Symfony\Component\HttpKernel\EventListener\LocaleListener::onKernelFinishRequest". [] []
[2016-08-03 13:56:29] event.DEBUG: Notified event "kernel.finish_request" to listener "Symfony\Component\HttpKernel\EventListener\TranslatorListener::onKernelFinishRequest". [] []
[2016-08-03 13:56:29] event.DEBUG: Notified event "kernel.finish_request" to listener "Symfony\Component\HttpKernel\EventListener\RouterListener::onKernelFinishRequest". [] []
[2016-08-03 13:56:29] event.DEBUG: Notified event "kernel.finish_request" to listener "Symfony\Component\Security\Http\Firewall::onKernelFinishRequest". [] []
[2016-08-03 13:56:29] event.DEBUG: Notified event "kernel.terminate" to listener "Symfony\Bundle\SwiftmailerBundle\EventListener\EmailSenderListener::onTerminate". [] []
[2016-08-03 13:57:34] request.ERROR: Uncaught PHP Exception Symfony\Component\HttpKernel\Exception\NotFoundHttpException: "No route found for "GET /css/images/ui-bg_flat_75_ffffff_40x100.png" (from "http://127.0.0.1/ref/web/app.php/css/2db1e5c_jquery-ui_1.css")" at /var/www/html/ref/var/cache/prod/classes.php line 5331 {"exception":"[object] (Symfony\\Component\\HttpKernel\\Exception\\NotFoundHttpException(code: 0): No route found for \"GET /css/images/ui-bg_flat_75_ffffff_40x100.png\" (from \"http://127.0.0.1/ref/web/app.php/css/2db1e5c_jquery-ui_1.css\") at /var/www/html/ref/var/cache/prod/classes.php:5331, Symfony\\Component\\Routing\\Exception\\ResourceNotFoundException(code: 0):  at /var/www/html/ref/var/cache/prod/appProdUrlMatcher.php:739)"} []
[2016-08-03 13:57:34] event.DEBUG: Notified event "kernel.request" to listener "Symfony\Component\EventDispatcher\Debug\WrappedListener::__invoke". [] []
[2016-08-03 13:57:34] event.DEBUG: Notified event "kernel.request" to listener "Symfony\Component\EventDispatcher\Debug\WrappedListener::__invoke". [] []
[2016-08-03 13:57:34] event.DEBUG: Notified event "kernel.request" to listener "Symfony\Component\EventDispatcher\Debug\WrappedListener::__invoke". [] []
[2016-08-03 13:57:34] event.DEBUG: Notified event "kernel.request" to listener "Symfony\Component\EventDispatcher\Debug\WrappedListener::__invoke". [] []
[2016-08-03 13:57:34] event.DEBUG: Notified event "kernel.request" to listener "Symfony\Component\EventDispatcher\Debug\WrappedListener::__invoke". [] []
[2016-08-03 13:57:34] event.DEBUG: Notified event "kernel.request" to listener "Symfony\Component\EventDispatcher\Debug\WrappedListener::__invoke". [] []
[2016-08-03 13:57:34] event.DEBUG: Notified event "kernel.request" to listener "Symfony\Component\EventDispatcher\Debug\WrappedListener::__invoke". [] []
[2016-08-03 13:57:34] event.DEBUG: Notified event "kernel.request" to listener "Symfony\Component\EventDispatcher\Debug\WrappedListener::__invoke". [] []
[2016-08-03 13:57:34] event.DEBUG: Notified event "kernel.request" to listener "Symfony\Component\EventDispatcher\Debug\WrappedListener::__invoke". [] []
[2016-08-03 13:57:34] event.DEBUG: Notified event "kernel.request" to listener "Symfony\Component\EventDispatcher\Debug\WrappedListener::__invoke". [] []
[2016-08-03 13:57:34] event.DEBUG: Notified event "kernel.controller" to listener "FOS\RestBundle\EventListener\ParamFetcherListener::onKernelController". [] []
[2016-08-03 13:57:34] event.DEBUG: Notified event "kernel.controller" to listener "Sensio\Bundle\FrameworkExtraBundle\EventListener\ControllerListener::onKernelController". [] []
[2016-08-03 13:57:34] event.DEBUG: Notified event "kernel.controller" to listener "Sensio\Bundle\FrameworkExtraBundle\EventListener\ParamConverterListener::onKernelController". [] []
[2016-08-03 13:57:34] event.DEBUG: Notified event "kernel.controller" to listener "Sensio\Bundle\FrameworkExtraBundle\EventListener\HttpCacheListener::onKernelController". [] []
[2016-08-03 13:57:34] event.DEBUG: Notified event "kernel.controller" to listener "Sensio\Bundle\FrameworkExtraBundle\EventListener\SecurityListener::onKernelController". [] []
[2016-08-03 13:57:34] event.DEBUG: Notified event "kernel.controller" to listener "Sensio\Bundle\FrameworkExtraBundle\EventListener\TemplateListener::onKernelController". [] []
[2016-08-03 13:57:36] event.DEBUG: Notified event "kernel.response" to listener "Symfony\Component\HttpKernel\EventListener\ResponseListener::onKernelResponse". [] []
[2016-08-03 13:57:36] event.DEBUG: Notified event "kernel.response" to listener "Symfony\Component\Security\Http\RememberMe\ResponseListener::onKernelResponse". [] []
[2016-08-03 13:57:36] event.DEBUG: Notified event "kernel.response" to listener "Sensio\Bundle\FrameworkExtraBundle\EventListener\HttpCacheListener::onKernelResponse". [] []
[2016-08-03 13:57:36] event.DEBUG: Notified event "kernel.response" to listener "Symfony\Component\HttpKernel\EventListener\SaveSessionListener::onKernelResponse". [] []
[2016-08-03 13:57:36] event.DEBUG: Notified event "kernel.response" to listener "Symfony\Component\HttpKernel\EventListener\StreamedResponseListener::onKernelResponse". [] []
[2016-08-03 13:57:36] event.DEBUG: Notified event "kernel.finish_request" to listener "Symfony\Component\HttpKernel\EventListener\LocaleListener::onKernelFinishRequest". [] []
[2016-08-03 13:57:36] event.DEBUG: Notified event "kernel.finish_request" to listener "Symfony\Component\HttpKernel\EventListener\TranslatorListener::onKernelFinishRequest". [] []
[2016-08-03 13:57:36] event.DEBUG: Notified event "kernel.finish_request" to listener "Symfony\Component\HttpKernel\EventListener\RouterListener::onKernelFinishRequest". [] []
[2016-08-03 13:57:36] event.DEBUG: Notified event "kernel.finish_request" to listener "Symfony\Component\Security\Http\Firewall::onKernelFinishRequest". [] []
[2016-08-03 13:57:36] event.DEBUG: Notified event "kernel.exception" to listener "Symfony\Component\HttpKernel\EventListener\ExceptionListener::onKernelException". [] []
[2016-08-03 13:57:36] event.DEBUG: Listener "Symfony\Component\HttpKernel\EventListener\ExceptionListener::onKernelException" stopped propagation of the event "kernel.exception". [] []
[2016-08-03 13:57:36] event.DEBUG: Notified event "kernel.response" to listener "Symfony\Component\HttpKernel\EventListener\ResponseListener::onKernelResponse". [] []
[2016-08-03 13:57:36] event.DEBUG: Notified event "kernel.response" to listener "Symfony\Component\Security\Http\RememberMe\ResponseListener::onKernelResponse". [] []
[2016-08-03 13:57:36] event.DEBUG: Notified event "kernel.response" to listener "Sensio\Bundle\FrameworkExtraBundle\EventListener\HttpCacheListener::onKernelResponse". [] []
[2016-08-03 13:57:36] event.DEBUG: Notified event "kernel.response" to listener "Symfony\Component\HttpKernel\EventListener\SaveSessionListener::onKernelResponse". [] []
[2016-08-03 13:57:36] event.DEBUG: Notified event "kernel.response" to listener "Symfony\Component\HttpKernel\EventListener\StreamedResponseListener::onKernelResponse". [] []
[2016-08-03 13:57:36] event.DEBUG: Notified event "kernel.finish_request" to listener "Symfony\Component\HttpKernel\EventListener\LocaleListener::onKernelFinishRequest". [] []
[2016-08-03 13:57:36] event.DEBUG: Notified event "kernel.finish_request" to listener "Symfony\Component\HttpKernel\EventListener\TranslatorListener::onKernelFinishRequest". [] []
[2016-08-03 13:57:36] event.DEBUG: Notified event "kernel.finish_request" to listener "Symfony\Component\HttpKernel\EventListener\RouterListener::onKernelFinishRequest". [] []
[2016-08-03 13:57:36] event.DEBUG: Notified event "kernel.finish_request" to listener "Symfony\Component\Security\Http\Firewall::onKernelFinishRequest". [] []
[2016-08-03 13:57:36] event.DEBUG: Notified event "kernel.terminate" to listener "Symfony\Bundle\SwiftmailerBundle\EventListener\EmailSenderListener::onTerminate". [] []
[2016-08-03 13:57:39] request.ERROR: Uncaught PHP Exception Symfony\Component\HttpKernel\Exception\NotFoundHttpException: "No route found for "GET /css/images/ui-bg_glass_75_dadada_1x400.png" (from "http://127.0.0.1/ref/web/app.php/css/2db1e5c_jquery-ui_1.css")" at /var/www/html/ref/var/cache/prod/classes.php line 5331 {"exception":"[object] (Symfony\\Component\\HttpKernel\\Exception\\NotFoundHttpException(code: 0): No route found for \"GET /css/images/ui-bg_glass_75_dadada_1x400.png\" (from \"http://127.0.0.1/ref/web/app.php/css/2db1e5c_jquery-ui_1.css\") at /var/www/html/ref/var/cache/prod/classes.php:5331, Symfony\\Component\\Routing\\Exception\\ResourceNotFoundException(code: 0):  at /var/www/html/ref/var/cache/prod/appProdUrlMatcher.php:739)"} []
[2016-08-03 13:57:39] event.DEBUG: Notified event "kernel.request" to listener "Symfony\Component\EventDispatcher\Debug\WrappedListener::__invoke". [] []
[2016-08-03 13:57:39] event.DEBUG: Notified event "kernel.request" to listener "Symfony\Component\EventDispatcher\Debug\WrappedListener::__invoke". [] []
[2016-08-03 13:57:39] event.DEBUG: Notified event "kernel.request" to listener "Symfony\Component\EventDispatcher\Debug\WrappedListener::__invoke". [] []
[2016-08-03 13:57:39] event.DEBUG: Notified event "kernel.request" to listener "Symfony\Component\EventDispatcher\Debug\WrappedListener::__invoke". [] []
[2016-08-03 13:57:39] event.DEBUG: Notified event "kernel.request" to listener "Symfony\Component\EventDispatcher\Debug\WrappedListener::__invoke". [] []
[2016-08-03 13:57:39] event.DEBUG: Notified event "kernel.request" to listener "Symfony\Component\EventDispatcher\Debug\WrappedListener::__invoke". [] []
[2016-08-03 13:57:39] event.DEBUG: Notified event "kernel.request" to listener "Symfony\Component\EventDispatcher\Debug\WrappedListener::__invoke". [] []
[2016-08-03 13:57:39] event.DEBUG: Notified event "kernel.request" to listener "Symfony\Component\EventDispatcher\Debug\WrappedListener::__invoke". [] []
[2016-08-03 13:57:39] event.DEBUG: Notified event "kernel.request" to listener "Symfony\Component\EventDispatcher\Debug\WrappedListener::__invoke". [] []
[2016-08-03 13:57:39] event.DEBUG: Notified event "kernel.request" to listener "Symfony\Component\EventDispatcher\Debug\WrappedListener::__invoke". [] []
[2016-08-03 13:57:39] event.DEBUG: Notified event "kernel.controller" to listener "FOS\RestBundle\EventListener\ParamFetcherListener::onKernelController". [] []
[2016-08-03 13:57:39] event.DEBUG: Notified event "kernel.controller" to listener "Sensio\Bundle\FrameworkExtraBundle\EventListener\ControllerListener::onKernelController". [] []
[2016-08-03 13:57:39] event.DEBUG: Notified event "kernel.controller" to listener "Sensio\Bundle\FrameworkExtraBundle\EventListener\ParamConverterListener::onKernelController". [] []
[2016-08-03 13:57:39] event.DEBUG: Notified event "kernel.controller" to listener "Sensio\Bundle\FrameworkExtraBundle\EventListener\HttpCacheListener::onKernelController". [] []
[2016-08-03 13:57:39] event.DEBUG: Notified event "kernel.controller" to listener "Sensio\Bundle\FrameworkExtraBundle\EventListener\SecurityListener::onKernelController". [] []
[2016-08-03 13:57:39] event.DEBUG: Notified event "kernel.controller" to listener "Sensio\Bundle\FrameworkExtraBundle\EventListener\TemplateListener::onKernelController". [] []
[2016-08-03 13:57:41] event.DEBUG: Notified event "kernel.response" to listener "Symfony\Component\HttpKernel\EventListener\ResponseListener::onKernelResponse". [] []
[2016-08-03 13:57:41] event.DEBUG: Notified event "kernel.response" to listener "Symfony\Component\Security\Http\RememberMe\ResponseListener::onKernelResponse". [] []
[2016-08-03 13:57:41] event.DEBUG: Notified event "kernel.response" to listener "Sensio\Bundle\FrameworkExtraBundle\EventListener\HttpCacheListener::onKernelResponse". [] []
[2016-08-03 13:57:41] event.DEBUG: Notified event "kernel.response" to listener "Symfony\Component\HttpKernel\EventListener\SaveSessionListener::onKernelResponse". [] []
[2016-08-03 13:57:41] event.DEBUG: Notified event "kernel.response" to listener "Symfony\Component\HttpKernel\EventListener\StreamedResponseListener::onKernelResponse". [] []
[2016-08-03 13:57:41] event.DEBUG: Notified event "kernel.finish_request" to listener "Symfony\Component\HttpKernel\EventListener\LocaleListener::onKernelFinishRequest". [] []
[2016-08-03 13:57:41] event.DEBUG: Notified event "kernel.finish_request" to listener "Symfony\Component\HttpKernel\EventListener\TranslatorListener::onKernelFinishRequest". [] []
[2016-08-03 13:57:41] event.DEBUG: Notified event "kernel.finish_request" to listener "Symfony\Component\HttpKernel\EventListener\RouterListener::onKernelFinishRequest". [] []
[2016-08-03 13:57:41] event.DEBUG: Notified event "kernel.finish_request" to listener "Symfony\Component\Security\Http\Firewall::onKernelFinishRequest". [] []
[2016-08-03 13:57:41] event.DEBUG: Notified event "kernel.exception" to listener "Symfony\Component\HttpKernel\EventListener\ExceptionListener::onKernelException". [] []
[2016-08-03 13:57:41] event.DEBUG: Listener "Symfony\Component\HttpKernel\EventListener\ExceptionListener::onKernelException" stopped propagation of the event "kernel.exception". [] []
[2016-08-03 13:57:41] event.DEBUG: Notified event "kernel.response" to listener "Symfony\Component\HttpKernel\EventListener\ResponseListener::onKernelResponse". [] []
[2016-08-03 13:57:41] event.DEBUG: Notified event "kernel.response" to listener "Symfony\Component\Security\Http\RememberMe\ResponseListener::onKernelResponse". [] []
[2016-08-03 13:57:41] event.DEBUG: Notified event "kernel.response" to listener "Sensio\Bundle\FrameworkExtraBundle\EventListener\HttpCacheListener::onKernelResponse". [] []
[2016-08-03 13:57:41] event.DEBUG: Notified event "kernel.response" to listener "Symfony\Component\HttpKernel\EventListener\SaveSessionListener::onKernelResponse". [] []
[2016-08-03 13:57:41] event.DEBUG: Notified event "kernel.response" to listener "Symfony\Component\HttpKernel\EventListener\StreamedResponseListener::onKernelResponse". [] []
[2016-08-03 13:57:41] event.DEBUG: Notified event "kernel.finish_request" to listener "Symfony\Component\HttpKernel\EventListener\LocaleListener::onKernelFinishRequest". [] []
[2016-08-03 13:57:41] event.DEBUG: Notified event "kernel.finish_request" to listener "Symfony\Component\HttpKernel\EventListener\TranslatorListener::onKernelFinishRequest". [] []
[2016-08-03 13:57:41] event.DEBUG: Notified event "kernel.finish_request" to listener "Symfony\Component\HttpKernel\EventListener\RouterListener::onKernelFinishRequest". [] []
[2016-08-03 13:57:41] event.DEBUG: Notified event "kernel.finish_request" to listener "Symfony\Component\Security\Http\Firewall::onKernelFinishRequest". [] []
[2016-08-03 13:57:41] event.DEBUG: Notified event "kernel.terminate" to listener "Symfony\Bundle\SwiftmailerBundle\EventListener\EmailSenderListener::onTerminate". [] []
[2016-08-03 14:00:04] request.ERROR: Uncaught PHP Exception Symfony\Component\HttpKernel\Exception\NotFoundHttpException: "No route found for "GET /css/images/ui-bg_flat_75_ffffff_40x100.png" (from "http://127.0.0.1/ref/web/app.php/css/2db1e5c_jquery-ui_1.css")" at /var/www/html/ref/var/cache/prod/classes.php line 5331 {"exception":"[object] (Symfony\\Component\\HttpKernel\\Exception\\NotFoundHttpException(code: 0): No route found for \"GET /css/images/ui-bg_flat_75_ffffff_40x100.png\" (from \"http://127.0.0.1/ref/web/app.php/css/2db1e5c_jquery-ui_1.css\") at /var/www/html/ref/var/cache/prod/classes.php:5331, Symfony\\Component\\Routing\\Exception\\ResourceNotFoundException(code: 0):  at /var/www/html/ref/var/cache/prod/appProdUrlMatcher.php:739)"} []
[2016-08-03 14:00:04] event.DEBUG: Notified event "kernel.request" to listener "Symfony\Component\EventDispatcher\Debug\WrappedListener::__invoke". [] []
[2016-08-03 14:00:04] event.DEBUG: Notified event "kernel.request" to listener "Symfony\Component\EventDispatcher\Debug\WrappedListener::__invoke". [] []
[2016-08-03 14:00:04] event.DEBUG: Notified event "kernel.request" to listener "Symfony\Component\EventDispatcher\Debug\WrappedListener::__invoke". [] []
[2016-08-03 14:00:04] event.DEBUG: Notified event "kernel.request" to listener "Symfony\Component\EventDispatcher\Debug\WrappedListener::__invoke". [] []
[2016-08-03 14:00:04] event.DEBUG: Notified event "kernel.request" to listener "Symfony\Component\EventDispatcher\Debug\WrappedListener::__invoke". [] []
[2016-08-03 14:00:04] event.DEBUG: Notified event "kernel.request" to listener "Symfony\Component\EventDispatcher\Debug\WrappedListener::__invoke". [] []
[2016-08-03 14:00:04] event.DEBUG: Notified event "kernel.request" to listener "Symfony\Component\EventDispatcher\Debug\WrappedListener::__invoke". [] []
[2016-08-03 14:00:04] event.DEBUG: Notified event "kernel.request" to listener "Symfony\Component\EventDispatcher\Debug\WrappedListener::__invoke". [] []
[2016-08-03 14:00:04] event.DEBUG: Notified event "kernel.request" to listener "Symfony\Component\EventDispatcher\Debug\WrappedListener::__invoke". [] []
[2016-08-03 14:00:04] event.DEBUG: Notified event "kernel.request" to listener "Symfony\Component\EventDispatcher\Debug\WrappedListener::__invoke". [] []
[2016-08-03 14:00:05] event.DEBUG: Notified event "kernel.controller" to listener "FOS\RestBundle\EventListener\ParamFetcherListener::onKernelController". [] []
[2016-08-03 14:00:05] event.DEBUG: Notified event "kernel.controller" to listener "Sensio\Bundle\FrameworkExtraBundle\EventListener\ControllerListener::onKernelController". [] []
[2016-08-03 14:00:05] event.DEBUG: Notified event "kernel.controller" to listener "Sensio\Bundle\FrameworkExtraBundle\EventListener\ParamConverterListener::onKernelController". [] []
[2016-08-03 14:00:05] event.DEBUG: Notified event "kernel.controller" to listener "Sensio\Bundle\FrameworkExtraBundle\EventListener\HttpCacheListener::onKernelController". [] []
[2016-08-03 14:00:05] event.DEBUG: Notified event "kernel.controller" to listener "Sensio\Bundle\FrameworkExtraBundle\EventListener\SecurityListener::onKernelController". [] []
[2016-08-03 14:00:05] event.DEBUG: Notified event "kernel.controller" to listener "Sensio\Bundle\FrameworkExtraBundle\EventListener\TemplateListener::onKernelController". [] []
[2016-08-03 14:00:06] event.DEBUG: Notified event "kernel.response" to listener "Symfony\Component\HttpKernel\EventListener\ResponseListener::onKernelResponse". [] []
[2016-08-03 14:00:06] event.DEBUG: Notified event "kernel.response" to listener "Symfony\Component\Security\Http\RememberMe\ResponseListener::onKernelResponse". [] []
[2016-08-03 14:00:06] event.DEBUG: Notified event "kernel.response" to listener "Sensio\Bundle\FrameworkExtraBundle\EventListener\HttpCacheListener::onKernelResponse". [] []
[2016-08-03 14:00:06] event.DEBUG: Notified event "kernel.response" to listener "Symfony\Component\HttpKernel\EventListener\SaveSessionListener::onKernelResponse". [] []
[2016-08-03 14:00:06] event.DEBUG: Notified event "kernel.response" to listener "Symfony\Component\HttpKernel\EventListener\StreamedResponseListener::onKernelResponse". [] []
[2016-08-03 14:00:06] event.DEBUG: Notified event "kernel.finish_request" to listener "Symfony\Component\HttpKernel\EventListener\LocaleListener::onKernelFinishRequest". [] []
[2016-08-03 14:00:06] event.DEBUG: Notified event "kernel.finish_request" to listener "Symfony\Component\HttpKernel\EventListener\TranslatorListener::onKernelFinishRequest". [] []
[2016-08-03 14:00:06] event.DEBUG: Notified event "kernel.finish_request" to listener "Symfony\Component\HttpKernel\EventListener\RouterListener::onKernelFinishRequest". [] []
[2016-08-03 14:00:06] event.DEBUG: Notified event "kernel.finish_request" to listener "Symfony\Component\Security\Http\Firewall::onKernelFinishRequest". [] []
[2016-08-03 14:00:06] event.DEBUG: Notified event "kernel.exception" to listener "Symfony\Component\HttpKernel\EventListener\ExceptionListener::onKernelException". [] []
[2016-08-03 14:00:06] event.DEBUG: Listener "Symfony\Component\HttpKernel\EventListener\ExceptionListener::onKernelException" stopped propagation of the event "kernel.exception". [] []
[2016-08-03 14:00:06] event.DEBUG: Notified event "kernel.response" to listener "Symfony\Component\HttpKernel\EventListener\ResponseListener::onKernelResponse". [] []
[2016-08-03 14:00:06] event.DEBUG: Notified event "kernel.response" to listener "Symfony\Component\Security\Http\RememberMe\ResponseListener::onKernelResponse". [] []
[2016-08-03 14:00:06] event.DEBUG: Notified event "kernel.response" to listener "Sensio\Bundle\FrameworkExtraBundle\EventListener\HttpCacheListener::onKernelResponse". [] []
[2016-08-03 14:00:06] event.DEBUG: Notified event "kernel.response" to listener "Symfony\Component\HttpKernel\EventListener\SaveSessionListener::onKernelResponse". [] []
[2016-08-03 14:00:06] event.DEBUG: Notified event "kernel.response" to listener "Symfony\Component\HttpKernel\EventListener\StreamedResponseListener::onKernelResponse". [] []
[2016-08-03 14:00:06] event.DEBUG: Notified event "kernel.finish_request" to listener "Symfony\Component\HttpKernel\EventListener\LocaleListener::onKernelFinishRequest". [] []
[2016-08-03 14:00:06] event.DEBUG: Notified event "kernel.finish_request" to listener "Symfony\Component\HttpKernel\EventListener\TranslatorListener::onKernelFinishRequest". [] []
[2016-08-03 14:00:06] event.DEBUG: Notified event "kernel.finish_request" to listener "Symfony\Component\HttpKernel\EventListener\RouterListener::onKernelFinishRequest". [] []
[2016-08-03 14:00:06] event.DEBUG: Notified event "kernel.finish_request" to listener "Symfony\Component\Security\Http\Firewall::onKernelFinishRequest". [] []
[2016-08-03 14:00:06] event.DEBUG: Notified event "kernel.terminate" to listener "Symfony\Bundle\SwiftmailerBundle\EventListener\EmailSenderListener::onTerminate". [] []
[2016-08-03 14:00:10] request.ERROR: Uncaught PHP Exception Symfony\Component\HttpKernel\Exception\NotFoundHttpException: "No route found for "GET /css/images/ui-bg_glass_75_dadada_1x400.png" (from "http://127.0.0.1/ref/web/app.php/css/2db1e5c_jquery-ui_1.css")" at /var/www/html/ref/var/cache/prod/classes.php line 5331 {"exception":"[object] (Symfony\\Component\\HttpKernel\\Exception\\NotFoundHttpException(code: 0): No route found for \"GET /css/images/ui-bg_glass_75_dadada_1x400.png\" (from \"http://127.0.0.1/ref/web/app.php/css/2db1e5c_jquery-ui_1.css\") at /var/www/html/ref/var/cache/prod/classes.php:5331, Symfony\\Component\\Routing\\Exception\\ResourceNotFoundException(code: 0):  at /var/www/html/ref/var/cache/prod/appProdUrlMatcher.php:739)"} []
[2016-08-03 14:00:10] event.DEBUG: Notified event "kernel.request" to listener "Symfony\Component\EventDispatcher\Debug\WrappedListener::__invoke". [] []
[2016-08-03 14:00:10] event.DEBUG: Notified event "kernel.request" to listener "Symfony\Component\EventDispatcher\Debug\WrappedListener::__invoke". [] []
[2016-08-03 14:00:10] event.DEBUG: Notified event "kernel.request" to listener "Symfony\Component\EventDispatcher\Debug\WrappedListener::__invoke". [] []
[2016-08-03 14:00:10] event.DEBUG: Notified event "kernel.request" to listener "Symfony\Component\EventDispatcher\Debug\WrappedListener::__invoke". [] []
[2016-08-03 14:00:10] event.DEBUG: Notified event "kernel.request" to listener "Symfony\Component\EventDispatcher\Debug\WrappedListener::__invoke". [] []
[2016-08-03 14:00:10] event.DEBUG: Notified event "kernel.request" to listener "Symfony\Component\EventDispatcher\Debug\WrappedListener::__invoke". [] []
[2016-08-03 14:00:10] event.DEBUG: Notified event "kernel.request" to listener "Symfony\Component\EventDispatcher\Debug\WrappedListener::__invoke". [] []
[2016-08-03 14:00:10] event.DEBUG: Notified event "kernel.request" to listener "Symfony\Component\EventDispatcher\Debug\WrappedListener::__invoke". [] []
[2016-08-03 14:00:10] event.DEBUG: Notified event "kernel.request" to listener "Symfony\Component\EventDispatcher\Debug\WrappedListener::__invoke". [] []
[2016-08-03 14:00:10] event.DEBUG: Notified event "kernel.request" to listener "Symfony\Component\EventDispatcher\Debug\WrappedListener::__invoke". [] []
[2016-08-03 14:00:10] event.DEBUG: Notified event "kernel.controller" to listener "FOS\RestBundle\EventListener\ParamFetcherListener::onKernelController". [] []
[2016-08-03 14:00:10] event.DEBUG: Notified event "kernel.controller" to listener "Sensio\Bundle\FrameworkExtraBundle\EventListener\ControllerListener::onKernelController". [] []
[2016-08-03 14:00:10] event.DEBUG: Notified event "kernel.controller" to listener "Sensio\Bundle\FrameworkExtraBundle\EventListener\ParamConverterListener::onKernelController". [] []
[2016-08-03 14:00:10] event.DEBUG: Notified event "kernel.controller" to listener "Sensio\Bundle\FrameworkExtraBundle\EventListener\HttpCacheListener::onKernelController". [] []
[2016-08-03 14:00:10] event.DEBUG: Notified event "kernel.controller" to listener "Sensio\Bundle\FrameworkExtraBundle\EventListener\SecurityListener::onKernelController". [] []
[2016-08-03 14:00:10] event.DEBUG: Notified event "kernel.controller" to listener "Sensio\Bundle\FrameworkExtraBundle\EventListener\TemplateListener::onKernelController". [] []
[2016-08-03 14:00:11] event.DEBUG: Notified event "kernel.response" to listener "Symfony\Component\HttpKernel\EventListener\ResponseListener::onKernelResponse". [] []
[2016-08-03 14:00:11] event.DEBUG: Notified event "kernel.response" to listener "Symfony\Component\Security\Http\RememberMe\ResponseListener::onKernelResponse". [] []
[2016-08-03 14:00:11] event.DEBUG: Notified event "kernel.response" to listener "Sensio\Bundle\FrameworkExtraBundle\EventListener\HttpCacheListener::onKernelResponse". [] []
[2016-08-03 14:00:11] event.DEBUG: Notified event "kernel.response" to listener "Symfony\Component\HttpKernel\EventListener\SaveSessionListener::onKernelResponse". [] []
[2016-08-03 14:00:11] event.DEBUG: Notified event "kernel.response" to listener "Symfony\Component\HttpKernel\EventListener\StreamedResponseListener::onKernelResponse". [] []
[2016-08-03 14:00:11] event.DEBUG: Notified event "kernel.finish_request" to listener "Symfony\Component\HttpKernel\EventListener\LocaleListener::onKernelFinishRequest". [] []
[2016-08-03 14:00:11] event.DEBUG: Notified event "kernel.finish_request" to listener "Symfony\Component\HttpKernel\EventListener\TranslatorListener::onKernelFinishRequest". [] []
[2016-08-03 14:00:11] event.DEBUG: Notified event "kernel.finish_request" to listener "Symfony\Component\HttpKernel\EventListener\RouterListener::onKernelFinishRequest". [] []
[2016-08-03 14:00:11] event.DEBUG: Notified event "kernel.finish_request" to listener "Symfony\Component\Security\Http\Firewall::onKernelFinishRequest". [] []
[2016-08-03 14:00:11] event.DEBUG: Notified event "kernel.exception" to listener "Symfony\Component\HttpKernel\EventListener\ExceptionListener::onKernelException". [] []
[2016-08-03 14:00:11] event.DEBUG: Listener "Symfony\Component\HttpKernel\EventListener\ExceptionListener::onKernelException" stopped propagation of the event "kernel.exception". [] []
[2016-08-03 14:00:11] event.DEBUG: Notified event "kernel.response" to listener "Symfony\Component\HttpKernel\EventListener\ResponseListener::onKernelResponse". [] []
[2016-08-03 14:00:11] event.DEBUG: Notified event "kernel.response" to listener "Symfony\Component\Security\Http\RememberMe\ResponseListener::onKernelResponse". [] []
[2016-08-03 14:00:11] event.DEBUG: Notified event "kernel.response" to listener "Sensio\Bundle\FrameworkExtraBundle\EventListener\HttpCacheListener::onKernelResponse". [] []
[2016-08-03 14:00:11] event.DEBUG: Notified event "kernel.response" to listener "Symfony\Component\HttpKernel\EventListener\SaveSessionListener::onKernelResponse". [] []
[2016-08-03 14:00:11] event.DEBUG: Notified event "kernel.response" to listener "Symfony\Component\HttpKernel\EventListener\StreamedResponseListener::onKernelResponse". [] []
[2016-08-03 14:00:11] event.DEBUG: Notified event "kernel.finish_request" to listener "Symfony\Component\HttpKernel\EventListener\LocaleListener::onKernelFinishRequest". [] []
[2016-08-03 14:00:11] event.DEBUG: Notified event "kernel.finish_request" to listener "Symfony\Component\HttpKernel\EventListener\TranslatorListener::onKernelFinishRequest". [] []
[2016-08-03 14:00:11] event.DEBUG: Notified event "kernel.finish_request" to listener "Symfony\Component\HttpKernel\EventListener\RouterListener::onKernelFinishRequest". [] []
[2016-08-03 14:00:11] event.DEBUG: Notified event "kernel.finish_request" to listener "Symfony\Component\Security\Http\Firewall::onKernelFinishRequest". [] []
[2016-08-03 14:00:11] event.DEBUG: Notified event "kernel.terminate" to listener "Symfony\Bundle\SwiftmailerBundle\EventListener\EmailSenderListener::onTerminate". [] []
[2016-08-03 14:01:13] request.ERROR: Uncaught PHP Exception Symfony\Component\HttpKernel\Exception\NotFoundHttpException: "No route found for "GET /css/images/ui-bg_flat_75_ffffff_40x100.png" (from "http://127.0.0.1/ref/web/app.php/css/2db1e5c_jquery-ui_1.css")" at /var/www/html/ref/var/cache/prod/classes.php line 5331 {"exception":"[object] (Symfony\\Component\\HttpKernel\\Exception\\NotFoundHttpException(code: 0): No route found for \"GET /css/images/ui-bg_flat_75_ffffff_40x100.png\" (from \"http://127.0.0.1/ref/web/app.php/css/2db1e5c_jquery-ui_1.css\") at /var/www/html/ref/var/cache/prod/classes.php:5331, Symfony\\Component\\Routing\\Exception\\ResourceNotFoundException(code: 0):  at /var/www/html/ref/var/cache/prod/appProdUrlMatcher.php:739)"} []
[2016-08-03 14:01:13] event.DEBUG: Notified event "kernel.request" to listener "Symfony\Component\EventDispatcher\Debug\WrappedListener::__invoke". [] []
[2016-08-03 14:01:13] event.DEBUG: Notified event "kernel.request" to listener "Symfony\Component\EventDispatcher\Debug\WrappedListener::__invoke". [] []
[2016-08-03 14:01:13] event.DEBUG: Notified event "kernel.request" to listener "Symfony\Component\EventDispatcher\Debug\WrappedListener::__invoke". [] []
[2016-08-03 14:01:13] event.DEBUG: Notified event "kernel.request" to listener "Symfony\Component\EventDispatcher\Debug\WrappedListener::__invoke". [] []
[2016-08-03 14:01:13] event.DEBUG: Notified event "kernel.request" to listener "Symfony\Component\EventDispatcher\Debug\WrappedListener::__invoke". [] []
[2016-08-03 14:01:13] event.DEBUG: Notified event "kernel.request" to listener "Symfony\Component\EventDispatcher\Debug\WrappedListener::__invoke". [] []
[2016-08-03 14:01:13] event.DEBUG: Notified event "kernel.request" to listener "Symfony\Component\EventDispatcher\Debug\WrappedListener::__invoke". [] []
[2016-08-03 14:01:13] event.DEBUG: Notified event "kernel.request" to listener "Symfony\Component\EventDispatcher\Debug\WrappedListener::__invoke". [] []
[2016-08-03 14:01:13] event.DEBUG: Notified event "kernel.request" to listener "Symfony\Component\EventDispatcher\Debug\WrappedListener::__invoke". [] []
[2016-08-03 14:01:13] event.DEBUG: Notified event "kernel.request" to listener "Symfony\Component\EventDispatcher\Debug\WrappedListener::__invoke". [] []
[2016-08-03 14:01:13] event.DEBUG: Notified event "kernel.controller" to listener "FOS\RestBundle\EventListener\ParamFetcherListener::onKernelController". [] []
[2016-08-03 14:01:13] event.DEBUG: Notified event "kernel.controller" to listener "Sensio\Bundle\FrameworkExtraBundle\EventListener\ControllerListener::onKernelController". [] []
[2016-08-03 14:01:13] event.DEBUG: Notified event "kernel.controller" to listener "Sensio\Bundle\FrameworkExtraBundle\EventListener\ParamConverterListener::onKernelController". [] []
[2016-08-03 14:01:13] event.DEBUG: Notified event "kernel.controller" to listener "Sensio\Bundle\FrameworkExtraBundle\EventListener\HttpCacheListener::onKernelController". [] []
[2016-08-03 14:01:13] event.DEBUG: Notified event "kernel.controller" to listener "Sensio\Bundle\FrameworkExtraBundle\EventListener\SecurityListener::onKernelController". [] []
[2016-08-03 14:01:13] event.DEBUG: Notified event "kernel.controller" to listener "Sensio\Bundle\FrameworkExtraBundle\EventListener\TemplateListener::onKernelController". [] []
[2016-08-03 14:01:14] event.DEBUG: Notified event "kernel.response" to listener "Symfony\Component\HttpKernel\EventListener\ResponseListener::onKernelResponse". [] []
[2016-08-03 14:01:14] event.DEBUG: Notified event "kernel.response" to listener "Symfony\Component\Security\Http\RememberMe\ResponseListener::onKernelResponse". [] []
[2016-08-03 14:01:14] event.DEBUG: Notified event "kernel.response" to listener "Sensio\Bundle\FrameworkExtraBundle\EventListener\HttpCacheListener::onKernelResponse". [] []
[2016-08-03 14:01:14] event.DEBUG: Notified event "kernel.response" to listener "Symfony\Component\HttpKernel\EventListener\SaveSessionListener::onKernelResponse". [] []
[2016-08-03 14:01:14] event.DEBUG: Notified event "kernel.response" to listener "Symfony\Component\HttpKernel\EventListener\StreamedResponseListener::onKernelResponse". [] []
[2016-08-03 14:01:14] event.DEBUG: Notified event "kernel.finish_request" to listener "Symfony\Component\HttpKernel\EventListener\LocaleListener::onKernelFinishRequest". [] []
[2016-08-03 14:01:14] event.DEBUG: Notified event "kernel.finish_request" to listener "Symfony\Component\HttpKernel\EventListener\TranslatorListener::onKernelFinishRequest". [] []
[2016-08-03 14:01:14] event.DEBUG: Notified event "kernel.finish_request" to listener "Symfony\Component\HttpKernel\EventListener\RouterListener::onKernelFinishRequest". [] []
[2016-08-03 14:01:14] event.DEBUG: Notified event "kernel.finish_request" to listener "Symfony\Component\Security\Http\Firewall::onKernelFinishRequest". [] []
[2016-08-03 14:01:14] event.DEBUG: Notified event "kernel.exception" to listener "Symfony\Component\HttpKernel\EventListener\ExceptionListener::onKernelException". [] []
[2016-08-03 14:01:14] event.DEBUG: Listener "Symfony\Component\HttpKernel\EventListener\ExceptionListener::onKernelException" stopped propagation of the event "kernel.exception". [] []
[2016-08-03 14:01:14] event.DEBUG: Notified event "kernel.response" to listener "Symfony\Component\HttpKernel\EventListener\ResponseListener::onKernelResponse". [] []
[2016-08-03 14:01:14] event.DEBUG: Notified event "kernel.response" to listener "Symfony\Component\Security\Http\RememberMe\ResponseListener::onKernelResponse". [] []
[2016-08-03 14:01:14] event.DEBUG: Notified event "kernel.response" to listener "Sensio\Bundle\FrameworkExtraBundle\EventListener\HttpCacheListener::onKernelResponse". [] []
[2016-08-03 14:01:14] event.DEBUG: Notified event "kernel.response" to listener "Symfony\Component\HttpKernel\EventListener\SaveSessionListener::onKernelResponse". [] []
[2016-08-03 14:01:14] event.DEBUG: Notified event "kernel.response" to listener "Symfony\Component\HttpKernel\EventListener\StreamedResponseListener::onKernelResponse". [] []
[2016-08-03 14:01:14] event.DEBUG: Notified event "kernel.finish_request" to listener "Symfony\Component\HttpKernel\EventListener\LocaleListener::onKernelFinishRequest". [] []
[2016-08-03 14:01:14] event.DEBUG: Notified event "kernel.finish_request" to listener "Symfony\Component\HttpKernel\EventListener\TranslatorListener::onKernelFinishRequest". [] []
[2016-08-03 14:01:14] event.DEBUG: Notified event "kernel.finish_request" to listener "Symfony\Component\HttpKernel\EventListener\RouterListener::onKernelFinishRequest". [] []
[2016-08-03 14:01:14] event.DEBUG: Notified event "kernel.finish_request" to listener "Symfony\Component\Security\Http\Firewall::onKernelFinishRequest". [] []
[2016-08-03 14:01:14] event.DEBUG: Notified event "kernel.terminate" to listener "Symfony\Bundle\SwiftmailerBundle\EventListener\EmailSenderListener::onTerminate". [] []
[2016-12-18 13:43:40] request.ERROR: Uncaught PHP Exception Symfony\Component\HttpKernel\Exception\NotFoundHttpException: "No route found for "GET /css/images/ui-bg_flat_75_ffffff_40x100.png" (from "http://localhost/web/app.php/css/2db1e5c_jquery-ui_1.css")" at E:\DEV\quadranSIE\var\cache\prod\classes.php line 5358 {"exception":"[object] (Symfony\\Component\\HttpKernel\\Exception\\NotFoundHttpException(code: 0): No route found for \"GET /css/images/ui-bg_flat_75_ffffff_40x100.png\" (from \"http://localhost/web/app.php/css/2db1e5c_jquery-ui_1.css\") at E:\\DEV\\quadranSIE\\var\\cache\\prod\\classes.php:5358, Symfony\\Component\\Routing\\Exception\\ResourceNotFoundException(code: 0):  at E:\\DEV\\quadranSIE\\var\\cache\\prod\\appProdUrlMatcher.php:713)"} []
[2016-12-18 13:43:40] event.DEBUG: Notified event "kernel.request" to listener "Symfony\Component\EventDispatcher\Debug\WrappedListener::__invoke". [] []
[2016-12-18 13:43:40] event.DEBUG: Notified event "kernel.request" to listener "Symfony\Component\EventDispatcher\Debug\WrappedListener::__invoke". [] []
[2016-12-18 13:43:40] event.DEBUG: Notified event "kernel.request" to listener "Symfony\Component\EventDispatcher\Debug\WrappedListener::__invoke". [] []
[2016-12-18 13:43:40] event.DEBUG: Notified event "kernel.request" to listener "Symfony\Component\EventDispatcher\Debug\WrappedListener::__invoke". [] []
[2016-12-18 13:43:40] event.DEBUG: Notified event "kernel.request" to listener "Symfony\Component\EventDispatcher\Debug\WrappedListener::__invoke". [] []
[2016-12-18 13:43:40] event.DEBUG: Notified event "kernel.request" to listener "Symfony\Component\EventDispatcher\Debug\WrappedListener::__invoke". [] []
[2016-12-18 13:43:40] event.DEBUG: Notified event "kernel.request" to listener "Symfony\Component\EventDispatcher\Debug\WrappedListener::__invoke". [] []
[2016-12-18 13:43:40] event.DEBUG: Notified event "kernel.request" to listener "Symfony\Component\EventDispatcher\Debug\WrappedListener::__invoke". [] []
[2016-12-18 13:43:40] event.DEBUG: Notified event "kernel.request" to listener "Symfony\Component\EventDispatcher\Debug\WrappedListener::__invoke". [] []
[2016-12-18 13:43:40] php.INFO: Using "filename" as the default strategy is deprecated since version 1.27. Use "name" instead. {"type":16384,"file":"E:\\DEV\\quadranSIE\\var\\cache\\prod\\classes.php","line":7852,"level":28928,"stack":[{"function":"handleError","class":"Symfony\\Component\\Debug\\ErrorHandler","type":"->"},{"file":"E:\\DEV\\quadranSIE\\var\\cache\\prod\\classes.php","line":7852,"function":"trigger_error"},{"file":"E:\\DEV\\quadranSIE\\var\\cache\\prod\\classes.php","line":7829,"function":"setDefaultStrategy","class":"Twig_Extension_Escaper","type":"->"},{"file":"E:\\DEV\\quadranSIE\\var\\cache\\prod\\classes.php","line":6231,"function":"__construct","class":"Twig_Extension_Escaper","type":"->"},{"file":"E:\\DEV\\quadranSIE\\var\\cache\\prod\\appProdDebugProjectContainer.php","line":3161,"function":"__construct","class":"Twig_Environment","type":"->"},{"file":"E:\\DEV\\quadranSIE\\vendor\\symfony\\symfony\\src\\Symfony\\Component\\DependencyInjection\\Container.php","line":275,"function":"getTwigService","class":"appProdDebugProjectContainer","type":"->"},{"file":"E:\\DEV\\quadranSIE\\var\\cache\\prod\\appProdDebugProjectContainer.php","line":3196,"function":"get","class":"Symfony\\Component\\DependencyInjection\\Container","type":"->"},{"file":"E:\\DEV\\quadranSIE\\vendor\\symfony\\symfony\\src\\Symfony\\Component\\DependencyInjection\\Container.php","line":275,"function":"getTwig_Controller_ExceptionService","class":"appProdDebugProjectContainer","type":"->"},{"file":"E:\\DEV\\quadranSIE\\var\\cache\\prod\\classes.php","line":3110,"function":"get","class":"Symfony\\Component\\DependencyInjection\\Container","type":"->"},{"file":"E:\\DEV\\quadranSIE\\var\\cache\\prod\\classes.php","line":2979,"function":"createController","class":"Symfony\\Bundle\\FrameworkBundle\\Controller\\ControllerResolver","type":"->"},{"file":"E:\\DEV\\quadranSIE\\vendor\\symfony\\symfony\\src\\Symfony\\Component\\HttpKernel\\Controller\\TraceableControllerResolver.php","line":46,"function":"getController","class":"Symfony\\Component\\HttpKernel\\Controller\\ControllerResolver","type":"->"},{"file":"E:\\DEV\\quadranSIE\\vendor\\symfony\\symfony\\src\\Symfony\\Component\\HttpKernel\\HttpKernel.php","line":132,"function":"getController","class":"Symfony\\Component\\HttpKernel\\Controller\\TraceableControllerResolver","type":"->"},{"file":"E:\\DEV\\quadranSIE\\vendor\\symfony\\symfony\\src\\Symfony\\Component\\HttpKernel\\HttpKernel.php","line":64,"function":"handleRaw","class":"Symfony\\Component\\HttpKernel\\HttpKernel","type":"->"},{"file":"E:\\DEV\\quadranSIE\\vendor\\symfony\\symfony\\src\\Symfony\\Component\\HttpKernel\\EventListener\\ExceptionListener.php","line":50,"function":"handle","class":"Symfony\\Component\\HttpKernel\\HttpKernel","type":"->"},{"function":"onKernelException","class":"Symfony\\Component\\HttpKernel\\EventListener\\ExceptionListener","type":"->"},{"file":"E:\\DEV\\quadranSIE\\vendor\\symfony\\symfony\\src\\Symfony\\Component\\EventDispatcher\\Debug\\WrappedListener.php","line":61,"function":"call_user_func"},{"function":"__invoke","class":"Symfony\\Component\\EventDispatcher\\Debug\\WrappedListener","type":"->"},{"file":"E:\\DEV\\quadranSIE\\var\\cache\\prod\\classes.php","line":4557,"function":"call_user_func"},{"file":"E:\\DEV\\quadranSIE\\var\\cache\\prod\\classes.php","line":4472,"function":"doDispatch","class":"Symfony\\Component\\EventDispatcher\\EventDispatcher","type":"->"},{"file":"E:\\DEV\\quadranSIE\\vendor\\symfony\\symfony\\src\\Symfony\\Component\\EventDispatcher\\Debug\\TraceableEventDispatcher.php","line":136,"function":"dispatch","class":"Symfony\\Component\\EventDispatcher\\EventDispatcher","type":"->"},{"file":"E:\\DEV\\quadranSIE\\vendor\\symfony\\symfony\\src\\Symfony\\Component\\HttpKernel\\HttpKernel.php","line":221,"function":"dispatch","class":"Symfony\\Component\\EventDispatcher\\Debug\\TraceableEventDispatcher","type":"->"},{"file":"E:\\DEV\\quadranSIE\\vendor\\symfony\\symfony\\src\\Symfony\\Component\\HttpKernel\\HttpKernel.php","line":75,"function":"handleException","class":"Symfony\\Component\\HttpKernel\\HttpKernel","type":"->"},{"file":"E:\\DEV\\quadranSIE\\vendor\\symfony\\symfony\\src\\Symfony\\Component\\HttpKernel\\Kernel.php","line":169,"function":"handle","class":"Symfony\\Component\\HttpKernel\\HttpKernel","type":"->"},{"file":"E:\\DEV\\quadranSIE\\web\\app.php","line":18,"function":"handle","class":"Symfony\\Component\\HttpKernel\\Kernel","type":"->"}]} []
[2016-12-18 13:43:40] php.INFO: Referencing the "core" extension by its name (defined by getName()) is deprecated since 1.26 and will be removed in Twig 2.0. Use the Fully Qualified Extension Class Name instead. {"type":16384,"file":"E:\\DEV\\quadranSIE\\var\\cache\\prod\\classes.php","line":6589,"level":28928,"stack":[{"function":"handleError","class":"Symfony\\Component\\Debug\\ErrorHandler","type":"->"},{"file":"E:\\DEV\\quadranSIE\\var\\cache\\prod\\classes.php","line":6589,"function":"trigger_error"},{"file":"E:\\DEV\\quadranSIE\\vendor\\symfony\\symfony\\src\\Symfony\\Bundle\\TwigBundle\\DependencyInjection\\Configurator\\EnvironmentConfigurator.php","line":40,"function":"getExtension","class":"Twig_Environment","type":"->"},{"file":"E:\\DEV\\quadranSIE\\var\\cache\\prod\\appProdDebugProjectContainer.php","line":3181,"function":"configure","class":"Symfony\\Bundle\\TwigBundle\\DependencyInjection\\Configurator\\EnvironmentConfigurator","type":"->"},{"file":"E:\\DEV\\quadranSIE\\vendor\\symfony\\symfony\\src\\Symfony\\Component\\DependencyInjection\\Container.php","line":275,"function":"getTwigService","class":"appProdDebugProjectContainer","type":"->"},{"file":"E:\\DEV\\quadranSIE\\var\\cache\\prod\\appProdDebugProjectContainer.php","line":3196,"function":"get","class":"Symfony\\Component\\DependencyInjection\\Container","type":"->"},{"file":"E:\\DEV\\quadranSIE\\vendor\\symfony\\symfony\\src\\Symfony\\Component\\DependencyInjection\\Container.php","line":275,"function":"getTwig_Controller_ExceptionService","class":"appProdDebugProjectContainer","type":"->"},{"file":"E:\\DEV\\quadranSIE\\var\\cache\\prod\\classes.php","line":3110,"function":"get","class":"Symfony\\Component\\DependencyInjection\\Container","type":"->"},{"file":"E:\\DEV\\quadranSIE\\var\\cache\\prod\\classes.php","line":2979,"function":"createController","class":"Symfony\\Bundle\\FrameworkBundle\\Controller\\ControllerResolver","type":"->"},{"file":"E:\\DEV\\quadranSIE\\vendor\\symfony\\symfony\\src\\Symfony\\Component\\HttpKernel\\Controller\\TraceableControllerResolver.php","line":46,"function":"getController","class":"Symfony\\Component\\HttpKernel\\Controller\\ControllerResolver","type":"->"},{"file":"E:\\DEV\\quadranSIE\\vendor\\symfony\\symfony\\src\\Symfony\\Component\\HttpKernel\\HttpKernel.php","line":132,"function":"getController","class":"Symfony\\Component\\HttpKernel\\Controller\\TraceableControllerResolver","type":"->"},{"file":"E:\\DEV\\quadranSIE\\vendor\\symfony\\symfony\\src\\Symfony\\Component\\HttpKernel\\HttpKernel.php","line":64,"function":"handleRaw","class":"Symfony\\Component\\HttpKernel\\HttpKernel","type":"->"},{"file":"E:\\DEV\\quadranSIE\\vendor\\symfony\\symfony\\src\\Symfony\\Component\\HttpKernel\\EventListener\\ExceptionListener.php","line":50,"function":"handle","class":"Symfony\\Component\\HttpKernel\\HttpKernel","type":"->"},{"function":"onKernelException","class":"Symfony\\Component\\HttpKernel\\EventListener\\ExceptionListener","type":"->"},{"file":"E:\\DEV\\quadranSIE\\vendor\\symfony\\symfony\\src\\Symfony\\Component\\EventDispatcher\\Debug\\WrappedListener.php","line":61,"function":"call_user_func"},{"function":"__invoke","class":"Symfony\\Component\\EventDispatcher\\Debug\\WrappedListener","type":"->"},{"file":"E:\\DEV\\quadranSIE\\var\\cache\\prod\\classes.php","line":4557,"function":"call_user_func"},{"file":"E:\\DEV\\quadranSIE\\var\\cache\\prod\\classes.php","line":4472,"function":"doDispatch","class":"Symfony\\Component\\EventDispatcher\\EventDispatcher","type":"->"},{"file":"E:\\DEV\\quadranSIE\\vendor\\symfony\\symfony\\src\\Symfony\\Component\\EventDispatcher\\Debug\\TraceableEventDispatcher.php","line":136,"function":"dispatch","class":"Symfony\\Component\\EventDispatcher\\EventDispatcher","type":"->"},{"file":"E:\\DEV\\quadranSIE\\vendor\\symfony\\symfony\\src\\Symfony\\Component\\HttpKernel\\HttpKernel.php","line":221,"function":"dispatch","class":"Symfony\\Component\\EventDispatcher\\Debug\\TraceableEventDispatcher","type":"->"},{"file":"E:\\DEV\\quadranSIE\\vendor\\symfony\\symfony\\src\\Symfony\\Component\\HttpKernel\\HttpKernel.php","line":75,"function":"handleException","class":"Symfony\\Component\\HttpKernel\\HttpKernel","type":"->"},{"file":"E:\\DEV\\quadranSIE\\vendor\\symfony\\symfony\\src\\Symfony\\Component\\HttpKernel\\Kernel.php","line":169,"function":"handle","class":"Symfony\\Component\\HttpKernel\\HttpKernel","type":"->"},{"file":"E:\\DEV\\quadranSIE\\web\\app.php","line":18,"function":"handle","class":"Symfony\\Component\\HttpKernel\\Kernel","type":"->"}]} []
[2016-12-18 13:43:40] php.INFO: Referencing the "core" extension by its name (defined by getName()) is deprecated since 1.26 and will be removed in Twig 2.0. Use the Fully Qualified Extension Class Name instead. {"type":16384,"file":"E:\\DEV\\quadranSIE\\var\\cache\\prod\\classes.php","line":6589,"level":28928} []
[2016-12-18 13:43:40] event.DEBUG: Notified event "kernel.controller" to listener "Sensio\Bundle\FrameworkExtraBundle\EventListener\ControllerListener::onKernelController". [] []
[2016-12-18 13:43:40] event.DEBUG: Notified event "kernel.controller" to listener "Sensio\Bundle\FrameworkExtraBundle\EventListener\ParamConverterListener::onKernelController". [] []
[2016-12-18 13:43:40] event.DEBUG: Notified event "kernel.controller" to listener "Sensio\Bundle\FrameworkExtraBundle\EventListener\HttpCacheListener::onKernelController". [] []
[2016-12-18 13:43:40] event.DEBUG: Notified event "kernel.controller" to listener "Sensio\Bundle\FrameworkExtraBundle\EventListener\SecurityListener::onKernelController". [] []
[2016-12-18 13:43:40] event.DEBUG: Notified event "kernel.controller" to listener "Sensio\Bundle\FrameworkExtraBundle\EventListener\TemplateListener::onKernelController". [] []
[2016-12-18 13:43:41] event.DEBUG: Notified event "kernel.response" to listener "Symfony\Component\HttpKernel\EventListener\ResponseListener::onKernelResponse". [] []
[2016-12-18 13:43:41] event.DEBUG: Notified event "kernel.response" to listener "Symfony\Component\Security\Http\RememberMe\ResponseListener::onKernelResponse". [] []
[2016-12-18 13:43:41] event.DEBUG: Notified event "kernel.response" to listener "Sensio\Bundle\FrameworkExtraBundle\EventListener\HttpCacheListener::onKernelResponse". [] []
[2016-12-18 13:43:41] event.DEBUG: Notified event "kernel.response" to listener "Symfony\Component\HttpKernel\EventListener\SaveSessionListener::onKernelResponse". [] []
[2016-12-18 13:43:41] event.DEBUG: Notified event "kernel.response" to listener "Symfony\Component\HttpKernel\EventListener\StreamedResponseListener::onKernelResponse". [] []
[2016-12-18 13:43:41] event.DEBUG: Notified event "kernel.finish_request" to listener "Symfony\Component\HttpKernel\EventListener\LocaleListener::onKernelFinishRequest". [] []
[2016-12-18 13:43:41] event.DEBUG: Notified event "kernel.finish_request" to listener "Symfony\Component\HttpKernel\EventListener\TranslatorListener::onKernelFinishRequest". [] []
[2016-12-18 13:43:41] event.DEBUG: Notified event "kernel.finish_request" to listener "Symfony\Component\HttpKernel\EventListener\RouterListener::onKernelFinishRequest". [] []
[2016-12-18 13:43:41] event.DEBUG: Notified event "kernel.finish_request" to listener "Symfony\Component\Security\Http\Firewall::onKernelFinishRequest". [] []
[2016-12-18 13:43:41] event.DEBUG: Notified event "kernel.exception" to listener "Symfony\Component\HttpKernel\EventListener\ExceptionListener::onKernelException". [] []
[2016-12-18 13:43:41] event.DEBUG: Listener "Symfony\Component\HttpKernel\EventListener\ExceptionListener::onKernelException" stopped propagation of the event "kernel.exception". [] []
[2016-12-18 13:43:41] event.DEBUG: Notified event "kernel.response" to listener "Symfony\Component\HttpKernel\EventListener\ResponseListener::onKernelResponse". [] []
[2016-12-18 13:43:41] event.DEBUG: Notified event "kernel.response" to listener "Symfony\Component\Security\Http\RememberMe\ResponseListener::onKernelResponse". [] []
[2016-12-18 13:43:41] event.DEBUG: Notified event "kernel.response" to listener "Sensio\Bundle\FrameworkExtraBundle\EventListener\HttpCacheListener::onKernelResponse". [] []
[2016-12-18 13:43:41] event.DEBUG: Notified event "kernel.response" to listener "Symfony\Component\HttpKernel\EventListener\SaveSessionListener::onKernelResponse". [] []
[2016-12-18 13:43:41] event.DEBUG: Notified event "kernel.response" to listener "Symfony\Component\HttpKernel\EventListener\StreamedResponseListener::onKernelResponse". [] []
[2016-12-18 13:43:41] event.DEBUG: Notified event "kernel.finish_request" to listener "Symfony\Component\HttpKernel\EventListener\LocaleListener::onKernelFinishRequest". [] []
[2016-12-18 13:43:41] event.DEBUG: Notified event "kernel.finish_request" to listener "Symfony\Component\HttpKernel\EventListener\TranslatorListener::onKernelFinishRequest". [] []
[2016-12-18 13:43:41] event.DEBUG: Notified event "kernel.finish_request" to listener "Symfony\Component\HttpKernel\EventListener\RouterListener::onKernelFinishRequest". [] []
[2016-12-18 13:43:41] event.DEBUG: Notified event "kernel.finish_request" to listener "Symfony\Component\Security\Http\Firewall::onKernelFinishRequest". [] []
[2016-12-18 13:43:41] event.DEBUG: Notified event "kernel.terminate" to listener "Symfony\Bundle\SwiftmailerBundle\EventListener\EmailSenderListener::onTerminate". [] []
